{"/home/travis/build/npmtest/node-npmtest-yuidocjs/test.js":{"path":"/home/travis/build/npmtest/node-npmtest-yuidocjs/test.js","s":{"1":2,"2":2,"3":2,"4":2,"5":2,"6":2,"7":2,"8":1,"9":2,"10":2,"11":1,"12":1,"13":1,"14":1,"15":2,"16":2,"17":2,"18":2,"19":1,"20":1,"21":2,"22":2,"23":2,"24":1,"25":1,"26":1,"27":1,"28":1,"29":1,"30":1,"31":1,"32":1,"33":1,"34":1,"35":1,"36":1,"37":1,"38":1,"39":2,"40":2,"41":1,"42":2,"43":2,"44":1,"45":2,"46":2,"47":1,"48":2,"49":2,"50":1,"51":1,"52":1,"53":1,"54":1},"b":{"1":[2,1,1,1],"2":[1,1,1,1],"3":[1,1],"4":[1,1],"5":[1,1],"6":[1,1],"7":[1,1],"8":[1,1],"9":[1,1],"10":[1,1,1],"11":[1,1],"12":[1,1],"13":[1,1],"14":[1,1],"15":[1,1],"16":[1,1],"17":[1,1]},"f":{"1":2,"2":2,"3":2,"4":2,"5":2,"6":1,"7":1,"8":1,"9":2,"10":2,"11":2,"12":2,"13":1},"fnMap":{"1":{"name":"(anonymous_1)","line":12,"loc":{"start":{"line":12,"column":1},"end":{"line":12,"column":13}}},"2":{"name":"(anonymous_2)","line":19,"loc":{"start":{"line":19,"column":5},"end":{"line":19,"column":17}}},"3":{"name":"(anonymous_3)","line":23,"loc":{"start":{"line":23,"column":24},"end":{"line":23,"column":36}}},"4":{"name":"(anonymous_4)","line":61,"loc":{"start":{"line":61,"column":5},"end":{"line":61,"column":17}}},"5":{"name":"(anonymous_5)","line":82,"loc":{"start":{"line":82,"column":5},"end":{"line":82,"column":17}}},"6":{"name":"(anonymous_6)","line":91,"loc":{"start":{"line":91,"column":77},"end":{"line":94,"column":10}}},"7":{"name":"(anonymous_7)","line":112,"loc":{"start":{"line":112,"column":83},"end":{"line":115,"column":10}},"skip":true},"8":{"name":"(anonymous_8)","line":123,"loc":{"start":{"line":123,"column":77},"end":{"line":126,"column":10}},"skip":true},"9":{"name":"(anonymous_9)","line":139,"loc":{"start":{"line":139,"column":12},"end":{"line":139,"column":40}},"skip":true},"10":{"name":"(anonymous_10)","line":147,"loc":{"start":{"line":147,"column":77},"end":{"line":150,"column":10}},"skip":true},"11":{"name":"(anonymous_11)","line":158,"loc":{"start":{"line":158,"column":83},"end":{"line":161,"column":10}},"skip":true},"12":{"name":"(anonymous_12)","line":169,"loc":{"start":{"line":169,"column":79},"end":{"line":172,"column":10}},"skip":true},"13":{"name":"(anonymous_13)","line":180,"loc":{"start":{"line":180,"column":75},"end":{"line":183,"column":10}},"skip":true}},"statementMap":{"1":{"start":{"line":12,"column":0},"end":{"line":195,"column":5}},"2":{"start":{"line":14,"column":4},"end":{"line":14,"column":14}},"3":{"start":{"line":19,"column":4},"end":{"line":56,"column":9}},"4":{"start":{"line":21,"column":8},"end":{"line":21,"column":19}},"5":{"start":{"line":23,"column":8},"end":{"line":35,"column":13}},"6":{"start":{"line":24,"column":12},"end":{"line":34,"column":13}},"7":{"start":{"line":25,"column":16},"end":{"line":28,"column":30}},"8":{"start":{"line":30,"column":16},"end":{"line":33,"column":27}},"9":{"start":{"line":37,"column":8},"end":{"line":39,"column":21}},"10":{"start":{"line":40,"column":8},"end":{"line":53,"column":9}},"11":{"start":{"line":43,"column":12},"end":{"line":46,"column":14}},"12":{"start":{"line":47,"column":12},"end":{"line":47,"column":18}},"13":{"start":{"line":50,"column":12},"end":{"line":51,"column":46}},"14":{"start":{"line":52,"column":12},"end":{"line":52,"column":18}},"15":{"start":{"line":55,"column":8},"end":{"line":55,"column":35}},"16":{"start":{"line":61,"column":4},"end":{"line":63,"column":9}},"17":{"start":{"line":62,"column":8},"end":{"line":62,"column":15}},"18":{"start":{"line":64,"column":4},"end":{"line":77,"column":5}},"19":{"start":{"line":70,"column":8},"end":{"line":70,"column":14}},"20":{"start":{"line":76,"column":8},"end":{"line":76,"column":14}},"21":{"start":{"line":82,"column":4},"end":{"line":84,"column":9}},"22":{"start":{"line":83,"column":8},"end":{"line":83,"column":15}},"23":{"start":{"line":85,"column":4},"end":{"line":194,"column":5}},"24":{"start":{"line":91,"column":8},"end":{"line":99,"column":10}},"25":{"start":{"line":98,"column":12},"end":{"line":98,"column":35}},"26":{"start":{"line":102,"column":8},"end":{"line":104,"column":63}},"27":{"start":{"line":105,"column":8},"end":{"line":105,"column":14}},"28":{"start":{"line":112,"column":8},"end":{"line":121,"column":10},"skip":true},"29":{"start":{"line":119,"column":12},"end":{"line":119,"column":55},"skip":true},"30":{"start":{"line":120,"column":12},"end":{"line":120,"column":48},"skip":true},"31":{"start":{"line":123,"column":8},"end":{"line":136,"column":10},"skip":true},"32":{"start":{"line":130,"column":12},"end":{"line":130,"column":76},"skip":true},"33":{"start":{"line":131,"column":12},"end":{"line":131,"column":73},"skip":true},"34":{"start":{"line":132,"column":12},"end":{"line":132,"column":74},"skip":true},"35":{"start":{"line":133,"column":12},"end":{"line":133,"column":79},"skip":true},"36":{"start":{"line":134,"column":12},"end":{"line":134,"column":25},"skip":true},"37":{"start":{"line":135,"column":12},"end":{"line":135,"column":45},"skip":true},"38":{"start":{"line":138,"column":8},"end":{"line":145,"column":14},"skip":true},"39":{"start":{"line":143,"column":16},"end":{"line":143,"column":29},"skip":true},"40":{"start":{"line":144,"column":16},"end":{"line":144,"column":55},"skip":true},"41":{"start":{"line":147,"column":8},"end":{"line":156,"column":10},"skip":true},"42":{"start":{"line":154,"column":12},"end":{"line":154,"column":25},"skip":true},"43":{"start":{"line":155,"column":12},"end":{"line":155,"column":45},"skip":true},"44":{"start":{"line":158,"column":8},"end":{"line":167,"column":10},"skip":true},"45":{"start":{"line":165,"column":12},"end":{"line":165,"column":25},"skip":true},"46":{"start":{"line":166,"column":12},"end":{"line":166,"column":48},"skip":true},"47":{"start":{"line":169,"column":8},"end":{"line":178,"column":10},"skip":true},"48":{"start":{"line":176,"column":12},"end":{"line":176,"column":25},"skip":true},"49":{"start":{"line":177,"column":12},"end":{"line":177,"column":46},"skip":true},"50":{"start":{"line":180,"column":8},"end":{"line":189,"column":10},"skip":true},"51":{"start":{"line":187,"column":12},"end":{"line":187,"column":94},"skip":true},"52":{"start":{"line":188,"column":12},"end":{"line":188,"column":48},"skip":true},"53":{"start":{"line":192,"column":8},"end":{"line":192,"column":35},"skip":true},"54":{"start":{"line":193,"column":8},"end":{"line":193,"column":14},"skip":true}},"branchMap":{"1":{"line":25,"type":"binary-expr","locations":[{"start":{"line":25,"column":23},"end":{"line":25,"column":62}},{"start":{"line":26,"column":20},"end":{"line":26,"column":70}},{"start":{"line":27,"column":20},"end":{"line":27,"column":71}},{"start":{"line":28,"column":20},"end":{"line":28,"column":29}}]},"2":{"line":30,"type":"binary-expr","locations":[{"start":{"line":30,"column":23},"end":{"line":30,"column":37}},{"start":{"line":31,"column":20},"end":{"line":31,"column":61}},{"start":{"line":32,"column":20},"end":{"line":32,"column":70}},{"start":{"line":33,"column":20},"end":{"line":33,"column":26}}]},"3":{"line":37,"type":"cond-expr","locations":[{"start":{"line":38,"column":14},"end":{"line":38,"column":20}},{"start":{"line":39,"column":14},"end":{"line":39,"column":20}}]},"4":{"line":40,"type":"switch","locations":[{"start":{"line":42,"column":8},"end":{"line":47,"column":18}},{"start":{"line":49,"column":8},"end":{"line":52,"column":18}}]},"5":{"line":44,"type":"binary-expr","locations":[{"start":{"line":44,"column":16},"end":{"line":44,"column":44}},{"start":{"line":44,"column":48},"end":{"line":44,"column":66}}]},"6":{"line":50,"type":"binary-expr","locations":[{"start":{"line":50,"column":21},"end":{"line":50,"column":49}},{"start":{"line":50,"column":53},"end":{"line":50,"column":72}}]},"7":{"line":64,"type":"switch","locations":[{"start":{"line":69,"column":4},"end":{"line":70,"column":14}},{"start":{"line":75,"column":4},"end":{"line":76,"column":14}}]},"8":{"line":85,"type":"switch","locations":[{"start":{"line":90,"column":4},"end":{"line":105,"column":14}},{"start":{"line":111,"column":4},"end":{"line":193,"column":14},"skip":true}]},"9":{"line":91,"type":"binary-expr","locations":[{"start":{"line":91,"column":42},"end":{"line":91,"column":73}},{"start":{"line":91,"column":77},"end":{"line":99,"column":9}}]},"10":{"line":102,"type":"binary-expr","locations":[{"start":{"line":102,"column":18},"end":{"line":102,"column":32}},{"start":{"line":103,"column":12},"end":{"line":103,"column":53}},{"start":{"line":104,"column":12},"end":{"line":104,"column":61}}]},"11":{"line":112,"type":"binary-expr","locations":[{"start":{"line":112,"column":45},"end":{"line":112,"column":79},"skip":true},{"start":{"line":112,"column":83},"end":{"line":121,"column":9},"skip":true}]},"12":{"line":123,"type":"binary-expr","locations":[{"start":{"line":123,"column":42},"end":{"line":123,"column":73},"skip":true},{"start":{"line":123,"column":77},"end":{"line":136,"column":9},"skip":true}]},"13":{"line":138,"type":"binary-expr","locations":[{"start":{"line":138,"column":48},"end":{"line":138,"column":85},"skip":true},{"start":{"line":139,"column":12},"end":{"line":145,"column":13},"skip":true}]},"14":{"line":147,"type":"binary-expr","locations":[{"start":{"line":147,"column":42},"end":{"line":147,"column":73},"skip":true},{"start":{"line":147,"column":77},"end":{"line":156,"column":9},"skip":true}]},"15":{"line":158,"type":"binary-expr","locations":[{"start":{"line":158,"column":45},"end":{"line":158,"column":79},"skip":true},{"start":{"line":158,"column":83},"end":{"line":167,"column":9},"skip":true}]},"16":{"line":169,"type":"binary-expr","locations":[{"start":{"line":169,"column":43},"end":{"line":169,"column":75},"skip":true},{"start":{"line":169,"column":79},"end":{"line":178,"column":9},"skip":true}]},"17":{"line":180,"type":"binary-expr","locations":[{"start":{"line":180,"column":41},"end":{"line":180,"column":71},"skip":true},{"start":{"line":180,"column":75},"end":{"line":189,"column":9},"skip":true}]}},"code":["/* istanbul instrument in package npmtest_yuidocjs */","/*jslint","    bitwise: true,","    browser: true,","    maxerr: 8,","    maxlen: 96,","    node: true,","    nomen: true,","    regexp: true,","    stupid: true","*/","(function () {","    'use strict';","    var local;","","","","    // run shared js-env code - pre-init","    (function () {","        // init local","        local = {};","        // init modeJs","        local.modeJs = (function () {","            try {","                return typeof navigator.userAgent === 'string' &&","                    typeof document.querySelector('body') === 'object' &&","                    typeof XMLHttpRequest.prototype.open === 'function' &&","                    'browser';","            } catch (errorCaughtBrowser) {","                return module.exports &&","                    typeof process.versions.node === 'string' &&","                    typeof require('http').createServer === 'function' &&","                    'node';","            }","        }());","        // init global","        local.global = local.modeJs === 'browser'","            ? window","            : global;","        switch (local.modeJs) {","        // re-init local from window.local","        case 'browser':","            local = local.global.utility2.objectSetDefault(","                local.global.utility2_rollup || local.global.local,","                local.global.utility2","            );","            break;","        // re-init local from example.js","        case 'node':","            local = (local.global.utility2_rollup || require('utility2'))","                .requireExampleJsFromReadme();","            break;","        }","        // export local","        local.global.local = local;","    }());","","","","    // run shared js-env code - function","    (function () {","        return;","    }());","    switch (local.modeJs) {","","","","    // run browser js-env code - function","    case 'browser':","        break;","","","","    // run node js-env code - function","    case 'node':","        break;","    }","","","","    // run shared js-env code - post-init","    (function () {","        return;","    }());","    switch (local.modeJs) {","","","","    // run browser js-env code - post-init","    case 'browser':","        local.testCase_browser_nullCase = local.testCase_browser_nullCase || function (","            options,","            onError","        ) {","        /*","         * this function will test browsers's null-case handling-behavior-behavior","         */","            onError(null, options);","        };","","        // run tests","        local.nop(local.modeTest &&","            document.querySelector('#testRunButton1') &&","            document.querySelector('#testRunButton1').click());","        break;","","","","    // run node js-env code - post-init","    /* istanbul ignore next */","    case 'node':","        local.testCase_buildApidoc_default = local.testCase_buildApidoc_default || function (","            options,","            onError","        ) {","        /*","         * this function will test buildApidoc's default handling-behavior-behavior","         */","            options = { modulePathList: module.paths };","            local.buildApidoc(options, onError);","        };","","        local.testCase_buildApp_default = local.testCase_buildApp_default || function (","            options,","            onError","        ) {","        /*","         * this function will test buildApp's default handling-behavior-behavior","         */","            local.testCase_buildReadme_default(options, local.onErrorThrow);","            local.testCase_buildLib_default(options, local.onErrorThrow);","            local.testCase_buildTest_default(options, local.onErrorThrow);","            local.testCase_buildCustomOrg_default(options, local.onErrorThrow);","            options = [];","            local.buildApp(options, onError);","        };","","        local.testCase_buildCustomOrg_default = local.testCase_buildCustomOrg_default ||","            function (options, onError) {","            /*","             * this function will test buildCustomOrg's default handling-behavior","             */","                options = {};","                local.buildCustomOrg(options, onError);","            };","","        local.testCase_buildLib_default = local.testCase_buildLib_default || function (","            options,","            onError","        ) {","        /*","         * this function will test buildLib's default handling-behavior","         */","            options = {};","            local.buildLib(options, onError);","        };","","        local.testCase_buildReadme_default = local.testCase_buildReadme_default || function (","            options,","            onError","        ) {","        /*","         * this function will test buildReadme's default handling-behavior-behavior","         */","            options = {};","            local.buildReadme(options, onError);","        };","","        local.testCase_buildTest_default = local.testCase_buildTest_default || function (","            options,","            onError","        ) {","        /*","         * this function will test buildTest's default handling-behavior","         */","            options = {};","            local.buildTest(options, onError);","        };","","        local.testCase_webpage_default = local.testCase_webpage_default || function (","            options,","            onError","        ) {","        /*","         * this function will test webpage's default handling-behavior","         */","            options = { modeCoverageMerge: true, url: local.serverLocalHost + '?modeTest=1' };","            local.browserTest(options, onError);","        };","","        // run test-server","        local.testRunServer(local);","        break;","    }","}());",""],"l":{"12":2,"14":2,"19":2,"21":2,"23":2,"24":2,"25":2,"30":1,"37":2,"40":2,"43":1,"47":1,"50":1,"52":1,"55":2,"61":2,"62":2,"64":2,"70":1,"76":1,"82":2,"83":2,"85":2,"91":1,"98":1,"102":1,"105":1,"112":1,"119":1,"120":1,"123":1,"130":1,"131":1,"132":1,"133":1,"134":1,"135":1,"138":1,"143":2,"144":2,"147":1,"154":2,"155":2,"158":1,"165":2,"166":2,"169":1,"176":2,"177":2,"180":1,"187":1,"188":1,"192":1,"193":1}},"/home/travis/build/npmtest/node-npmtest-yuidocjs/lib.npmtest_yuidocjs.js":{"path":"/home/travis/build/npmtest/node-npmtest-yuidocjs/lib.npmtest_yuidocjs.js","s":{"1":2,"2":2,"3":2,"4":2,"5":2,"6":2,"7":2,"8":1,"9":2,"10":2,"11":2,"12":2,"13":1,"14":1,"15":1,"16":1},"b":{"1":[2,1,1,1],"2":[1,1,1,1],"3":[1,1],"4":[2,2],"5":[1,1]},"f":{"1":2,"2":2,"3":2},"fnMap":{"1":{"name":"(anonymous_1)","line":12,"loc":{"start":{"line":12,"column":1},"end":{"line":12,"column":13}}},"2":{"name":"(anonymous_2)","line":19,"loc":{"start":{"line":19,"column":5},"end":{"line":19,"column":17}}},"3":{"name":"(anonymous_3)","line":23,"loc":{"start":{"line":23,"column":24},"end":{"line":23,"column":36}}}},"statementMap":{"1":{"start":{"line":12,"column":0},"end":{"line":53,"column":5}},"2":{"start":{"line":14,"column":4},"end":{"line":14,"column":14}},"3":{"start":{"line":19,"column":4},"end":{"line":52,"column":9}},"4":{"start":{"line":21,"column":8},"end":{"line":21,"column":19}},"5":{"start":{"line":23,"column":8},"end":{"line":35,"column":13}},"6":{"start":{"line":24,"column":12},"end":{"line":34,"column":13}},"7":{"start":{"line":25,"column":16},"end":{"line":28,"column":30}},"8":{"start":{"line":30,"column":16},"end":{"line":33,"column":27}},"9":{"start":{"line":37,"column":8},"end":{"line":39,"column":21}},"10":{"start":{"line":41,"column":8},"end":{"line":41,"column":54}},"11":{"start":{"line":43,"column":8},"end":{"line":43,"column":53}},"12":{"start":{"line":45,"column":8},"end":{"line":51,"column":9}},"13":{"start":{"line":46,"column":12},"end":{"line":46,"column":59}},"14":{"start":{"line":48,"column":12},"end":{"line":48,"column":35}},"15":{"start":{"line":49,"column":12},"end":{"line":49,"column":49}},"16":{"start":{"line":50,"column":12},"end":{"line":50,"column":43}}},"branchMap":{"1":{"line":25,"type":"binary-expr","locations":[{"start":{"line":25,"column":23},"end":{"line":25,"column":62}},{"start":{"line":26,"column":20},"end":{"line":26,"column":70}},{"start":{"line":27,"column":20},"end":{"line":27,"column":71}},{"start":{"line":28,"column":20},"end":{"line":28,"column":29}}]},"2":{"line":30,"type":"binary-expr","locations":[{"start":{"line":30,"column":23},"end":{"line":30,"column":37}},{"start":{"line":31,"column":20},"end":{"line":31,"column":61}},{"start":{"line":32,"column":20},"end":{"line":32,"column":70}},{"start":{"line":33,"column":20},"end":{"line":33,"column":26}}]},"3":{"line":37,"type":"cond-expr","locations":[{"start":{"line":38,"column":14},"end":{"line":38,"column":20}},{"start":{"line":39,"column":14},"end":{"line":39,"column":20}}]},"4":{"line":41,"type":"binary-expr","locations":[{"start":{"line":41,"column":16},"end":{"line":41,"column":44}},{"start":{"line":41,"column":48},"end":{"line":41,"column":53}}]},"5":{"line":45,"type":"if","locations":[{"start":{"line":45,"column":8},"end":{"line":45,"column":8}},{"start":{"line":45,"column":8},"end":{"line":45,"column":8}}]}},"code":["/* istanbul instrument in package npmtest_yuidocjs */","/*jslint","    bitwise: true,","    browser: true,","    maxerr: 8,","    maxlen: 96,","    node: true,","    nomen: true,","    regexp: true,","    stupid: true","*/","(function () {","    'use strict';","    var local;","","","","    // run shared js-env code - pre-init","    (function () {","        // init local","        local = {};","        // init modeJs","        local.modeJs = (function () {","            try {","                return typeof navigator.userAgent === 'string' &&","                    typeof document.querySelector('body') === 'object' &&","                    typeof XMLHttpRequest.prototype.open === 'function' &&","                    'browser';","            } catch (errorCaughtBrowser) {","                return module.exports &&","                    typeof process.versions.node === 'string' &&","                    typeof require('http').createServer === 'function' &&","                    'node';","            }","        }());","        // init global","        local.global = local.modeJs === 'browser'","            ? window","            : global;","        // init utility2_rollup","        local = local.global.utility2_rollup || local;","        // init lib","        local.local = local.npmtest_yuidocjs = local;","        // init exports","        if (local.modeJs === 'browser') {","            local.global.utility2_npmtest_yuidocjs = local;","        } else {","            module.exports = local;","            module.exports.__dirname = __dirname;","            module.exports.module = module;","        }","    }());","}());",""],"l":{"12":2,"14":2,"19":2,"21":2,"23":2,"24":2,"25":2,"30":1,"37":2,"41":2,"43":2,"45":2,"46":1,"48":1,"49":1,"50":1}},"/home/travis/build/npmtest/node-npmtest-yuidocjs/example.js":{"path":"/home/travis/build/npmtest/node-npmtest-yuidocjs/example.js","s":{"1":2,"2":2,"3":2,"4":2,"5":2,"6":2,"7":2,"8":1,"9":2,"10":2,"11":2,"12":2,"13":1,"14":2,"15":2,"16":2,"17":2,"18":2,"19":0,"20":2,"21":1,"22":1,"23":1,"24":1,"25":1,"26":0,"27":0,"28":1,"29":1,"30":2,"31":0,"32":0,"33":0,"34":1,"35":2,"36":2,"37":3,"38":3,"39":3,"40":3,"41":0,"42":3,"43":3,"44":3,"45":1,"46":3,"47":1,"48":1,"49":1,"50":1,"51":1,"52":1,"53":1,"54":1,"55":1,"56":1,"57":0,"58":1,"59":6,"60":6,"61":1,"62":2,"63":0,"64":2,"65":1,"66":1,"67":0,"68":0,"69":0,"70":0,"71":0,"72":0,"73":0,"74":0,"75":0,"76":0,"77":0,"78":0,"79":0,"80":0,"81":0,"82":0,"83":0},"b":{"1":[2,1,1,1],"2":[1,1,1,1],"3":[1,1],"4":[2,2],"5":[1,1],"6":[1,1],"7":[2,0],"8":[2,1,1,1,1,1],"9":[0,2,0],"10":[1,1],"11":[2,1,1],"12":[1,0],"13":[0,2],"14":[2,0,0,0,0,0,0],"15":[0,3],"16":[3,0],"17":[1,1],"18":[0,1],"19":[1,2,0,2],"20":[1,0],"21":[1,1],"22":[0,0],"23":[0,0],"24":[0,0],"25":[0,0],"26":[0,0],"27":[0,0],"28":[0,0]},"f":{"1":2,"2":2,"3":2,"4":2,"5":2,"6":2,"7":3,"8":3,"9":3,"10":1,"11":6,"12":0},"fnMap":{"1":{"name":"(anonymous_1)","line":26,"loc":{"start":{"line":26,"column":1},"end":{"line":26,"column":13}}},"2":{"name":"(anonymous_2)","line":33,"loc":{"start":{"line":33,"column":5},"end":{"line":33,"column":17}}},"3":{"name":"(anonymous_3)","line":37,"loc":{"start":{"line":37,"column":24},"end":{"line":37,"column":36}}},"4":{"name":"(anonymous_4)","line":69,"loc":{"start":{"line":69,"column":31},"end":{"line":69,"column":48}},"skip":true},"5":{"name":"(anonymous_5)","line":78,"loc":{"start":{"line":78,"column":26},"end":{"line":78,"column":45}},"skip":true},"6":{"name":"(anonymous_6)","line":123,"loc":{"start":{"line":123,"column":33},"end":{"line":123,"column":48}},"skip":true},"7":{"name":"(anonymous_7)","line":125,"loc":{"start":{"line":125,"column":27},"end":{"line":125,"column":39}},"skip":true},"8":{"name":"(anonymous_8)","line":133,"loc":{"start":{"line":133,"column":59},"end":{"line":133,"column":74}},"skip":true},"9":{"name":"(anonymous_9)","line":143,"loc":{"start":{"line":143,"column":45},"end":{"line":143,"column":62}},"skip":true},"10":{"name":"(anonymous_10)","line":144,"loc":{"start":{"line":144,"column":73},"end":{"line":144,"column":92}},"skip":true},"11":{"name":"(anonymous_11)","line":272,"loc":{"start":{"line":272,"column":51},"end":{"line":272,"column":77}},"skip":true},"12":{"name":"(anonymous_12)","line":315,"loc":{"start":{"line":315,"column":32},"end":{"line":315,"column":61}},"skip":true}},"statementMap":{"1":{"start":{"line":26,"column":0},"end":{"line":326,"column":5}},"2":{"start":{"line":28,"column":4},"end":{"line":28,"column":14}},"3":{"start":{"line":33,"column":4},"end":{"line":60,"column":9}},"4":{"start":{"line":35,"column":8},"end":{"line":35,"column":19}},"5":{"start":{"line":37,"column":8},"end":{"line":49,"column":13}},"6":{"start":{"line":38,"column":12},"end":{"line":48,"column":13}},"7":{"start":{"line":39,"column":16},"end":{"line":42,"column":30}},"8":{"start":{"line":44,"column":16},"end":{"line":47,"column":27}},"9":{"start":{"line":51,"column":8},"end":{"line":53,"column":21}},"10":{"start":{"line":55,"column":8},"end":{"line":57,"column":45}},"11":{"start":{"line":59,"column":8},"end":{"line":59,"column":35}},"12":{"start":{"line":61,"column":4},"end":{"line":325,"column":5}},"13":{"start":{"line":69,"column":8},"end":{"line":121,"column":10},"skip":true},"14":{"start":{"line":70,"column":12},"end":{"line":88,"column":13},"skip":true},"15":{"start":{"line":76,"column":16},"end":{"line":87,"column":19},"skip":true},"16":{"start":{"line":79,"column":20},"end":{"line":86,"column":21},"skip":true},"17":{"start":{"line":82,"column":24},"end":{"line":82,"column":43},"skip":true},"18":{"start":{"line":83,"column":24},"end":{"line":83,"column":30},"skip":true},"19":{"start":{"line":85,"column":24},"end":{"line":85,"column":49},"skip":true},"20":{"start":{"line":89,"column":12},"end":{"line":107,"column":13},"skip":true},"21":{"start":{"line":92,"column":16},"end":{"line":102,"column":17},"skip":true},"22":{"start":{"line":93,"column":20},"end":{"line":93,"column":86},"skip":true},"23":{"start":{"line":94,"column":20},"end":{"line":95,"column":45},"skip":true},"24":{"start":{"line":96,"column":20},"end":{"line":96,"column":42},"skip":true},"25":{"start":{"line":97,"column":20},"end":{"line":97,"column":48},"skip":true},"26":{"start":{"line":100,"column":20},"end":{"line":100,"column":85},"skip":true},"27":{"start":{"line":101,"column":20},"end":{"line":101,"column":96},"skip":true},"28":{"start":{"line":103,"column":16},"end":{"line":103,"column":22},"skip":true},"29":{"start":{"line":106,"column":16},"end":{"line":106,"column":22},"skip":true},"30":{"start":{"line":108,"column":12},"end":{"line":120,"column":13},"skip":true},"31":{"start":{"line":114,"column":16},"end":{"line":119,"column":17},"skip":true},"32":{"start":{"line":116,"column":20},"end":{"line":116,"column":78},"skip":true},"33":{"start":{"line":118,"column":20},"end":{"line":118,"column":47},"skip":true},"34":{"start":{"line":123,"column":8},"end":{"line":141,"column":11},"skip":true},"35":{"start":{"line":124,"column":12},"end":{"line":124,"column":54},"skip":true},"36":{"start":{"line":125,"column":12},"end":{"line":140,"column":14},"skip":true},"37":{"start":{"line":126,"column":16},"end":{"line":126,"column":28},"skip":true},"38":{"start":{"line":127,"column":16},"end":{"line":127,"column":69},"skip":true},"39":{"start":{"line":128,"column":16},"end":{"line":128,"column":75},"skip":true},"40":{"start":{"line":129,"column":16},"end":{"line":131,"column":17},"skip":true},"41":{"start":{"line":130,"column":20},"end":{"line":130,"column":27},"skip":true},"42":{"start":{"line":133,"column":16},"end":{"line":137,"column":36},"skip":true},"43":{"start":{"line":134,"column":20},"end":{"line":136,"column":55},"skip":true},"44":{"start":{"line":139,"column":16},"end":{"line":139,"column":57},"skip":true},"45":{"start":{"line":143,"column":8},"end":{"line":147,"column":11},"skip":true},"46":{"start":{"line":144,"column":12},"end":{"line":146,"column":15},"skip":true},"47":{"start":{"line":145,"column":16},"end":{"line":145,"column":70},"skip":true},"48":{"start":{"line":149,"column":8},"end":{"line":149,"column":31},"skip":true},"49":{"start":{"line":150,"column":8},"end":{"line":150,"column":14},"skip":true},"50":{"start":{"line":158,"column":8},"end":{"line":158,"column":31},"skip":true},"51":{"start":{"line":160,"column":8},"end":{"line":160,"column":33},"skip":true},"52":{"start":{"line":161,"column":8},"end":{"line":161,"column":37},"skip":true},"53":{"start":{"line":162,"column":8},"end":{"line":162,"column":35},"skip":true},"54":{"start":{"line":164,"column":8},"end":{"line":164,"column":50},"skip":true},"55":{"start":{"line":166,"column":8},"end":{"line":256,"column":2},"skip":true},"56":{"start":{"line":258,"column":8},"end":{"line":286,"column":9},"skip":true},"57":{"start":{"line":259,"column":12},"end":{"line":269,"column":14},"skip":true},"58":{"start":{"line":271,"column":12},"end":{"line":285,"column":19},"skip":true},"59":{"start":{"line":274,"column":20},"end":{"line":274,"column":35},"skip":true},"60":{"start":{"line":275,"column":20},"end":{"line":284,"column":21},"skip":true},"61":{"start":{"line":277,"column":24},"end":{"line":277,"column":64},"skip":true},"62":{"start":{"line":279,"column":24},"end":{"line":279,"column":40},"skip":true},"63":{"start":{"line":281,"column":24},"end":{"line":281,"column":40},"skip":true},"64":{"start":{"line":283,"column":24},"end":{"line":283,"column":39},"skip":true},"65":{"start":{"line":288,"column":8},"end":{"line":290,"column":9},"skip":true},"66":{"start":{"line":289,"column":12},"end":{"line":289,"column":18},"skip":true},"67":{"start":{"line":291,"column":8},"end":{"line":293,"column":54},"skip":true},"68":{"start":{"line":296,"column":8},"end":{"line":301,"column":37},"skip":true},"69":{"start":{"line":303,"column":8},"end":{"line":303,"column":82},"skip":true},"70":{"start":{"line":306,"column":8},"end":{"line":308,"column":9},"skip":true},"71":{"start":{"line":307,"column":12},"end":{"line":307,"column":82},"skip":true},"72":{"start":{"line":310,"column":8},"end":{"line":312,"column":9},"skip":true},"73":{"start":{"line":311,"column":12},"end":{"line":311,"column":18},"skip":true},"74":{"start":{"line":313,"column":8},"end":{"line":313,"column":54},"skip":true},"75":{"start":{"line":314,"column":8},"end":{"line":314,"column":69},"skip":true},"76":{"start":{"line":315,"column":8},"end":{"line":323,"column":36},"skip":true},"77":{"start":{"line":316,"column":12},"end":{"line":316,"column":61},"skip":true},"78":{"start":{"line":317,"column":12},"end":{"line":320,"column":13},"skip":true},"79":{"start":{"line":318,"column":16},"end":{"line":318,"column":75},"skip":true},"80":{"start":{"line":319,"column":16},"end":{"line":319,"column":23},"skip":true},"81":{"start":{"line":321,"column":12},"end":{"line":321,"column":38},"skip":true},"82":{"start":{"line":322,"column":12},"end":{"line":322,"column":27},"skip":true},"83":{"start":{"line":324,"column":8},"end":{"line":324,"column":14},"skip":true}},"branchMap":{"1":{"line":39,"type":"binary-expr","locations":[{"start":{"line":39,"column":23},"end":{"line":39,"column":62}},{"start":{"line":40,"column":20},"end":{"line":40,"column":70}},{"start":{"line":41,"column":20},"end":{"line":41,"column":71}},{"start":{"line":42,"column":20},"end":{"line":42,"column":29}}]},"2":{"line":44,"type":"binary-expr","locations":[{"start":{"line":44,"column":23},"end":{"line":44,"column":37}},{"start":{"line":45,"column":20},"end":{"line":45,"column":61}},{"start":{"line":46,"column":20},"end":{"line":46,"column":70}},{"start":{"line":47,"column":20},"end":{"line":47,"column":26}}]},"3":{"line":51,"type":"cond-expr","locations":[{"start":{"line":52,"column":14},"end":{"line":52,"column":20}},{"start":{"line":53,"column":14},"end":{"line":53,"column":20}}]},"4":{"line":55,"type":"binary-expr","locations":[{"start":{"line":55,"column":16},"end":{"line":55,"column":44}},{"start":{"line":55,"column":49},"end":{"line":57,"column":43}}]},"5":{"line":55,"type":"cond-expr","locations":[{"start":{"line":56,"column":14},"end":{"line":56,"column":52}},{"start":{"line":57,"column":14},"end":{"line":57,"column":43}}]},"6":{"line":61,"type":"switch","locations":[{"start":{"line":68,"column":4},"end":{"line":150,"column":14},"skip":true},{"start":{"line":156,"column":4},"end":{"line":324,"column":14},"skip":true}]},"7":{"line":70,"type":"if","locations":[{"start":{"line":70,"column":12},"end":{"line":70,"column":12},"skip":true},{"start":{"line":70,"column":12},"end":{"line":70,"column":12},"skip":true}]},"8":{"line":70,"type":"binary-expr","locations":[{"start":{"line":70,"column":16},"end":{"line":70,"column":22},"skip":true},{"start":{"line":70,"column":27},"end":{"line":70,"column":32},"skip":true},{"start":{"line":71,"column":20},"end":{"line":71,"column":39},"skip":true},{"start":{"line":72,"column":20},"end":{"line":72,"column":49},"skip":true},{"start":{"line":73,"column":20},"end":{"line":73,"column":58},"skip":true},{"start":{"line":74,"column":20},"end":{"line":74,"column":69},"skip":true}]},"9":{"line":79,"type":"switch","locations":[{"start":{"line":80,"column":20},"end":{"line":80,"column":33},"skip":true},{"start":{"line":81,"column":20},"end":{"line":83,"column":30},"skip":true},{"start":{"line":84,"column":20},"end":{"line":85,"column":49},"skip":true}]},"10":{"line":89,"type":"switch","locations":[{"start":{"line":90,"column":12},"end":{"line":103,"column":22},"skip":true},{"start":{"line":105,"column":12},"end":{"line":106,"column":22},"skip":true}]},"11":{"line":89,"type":"binary-expr","locations":[{"start":{"line":89,"column":20},"end":{"line":89,"column":25},"skip":true},{"start":{"line":89,"column":29},"end":{"line":89,"column":48},"skip":true},{"start":{"line":89,"column":52},"end":{"line":89,"column":74},"skip":true}]},"12":{"line":92,"type":"if","locations":[{"start":{"line":92,"column":16},"end":{"line":92,"column":16},"skip":true},{"start":{"line":92,"column":16},"end":{"line":92,"column":16},"skip":true}]},"13":{"line":108,"type":"if","locations":[{"start":{"line":108,"column":12},"end":{"line":108,"column":12},"skip":true},{"start":{"line":108,"column":12},"end":{"line":108,"column":12},"skip":true}]},"14":{"line":108,"type":"binary-expr","locations":[{"start":{"line":108,"column":16},"end":{"line":108,"column":61},"skip":true},{"start":{"line":108,"column":66},"end":{"line":108,"column":72},"skip":true},{"start":{"line":108,"column":77},"end":{"line":108,"column":82},"skip":true},{"start":{"line":109,"column":20},"end":{"line":109,"column":39},"skip":true},{"start":{"line":110,"column":20},"end":{"line":110,"column":49},"skip":true},{"start":{"line":111,"column":20},"end":{"line":111,"column":58},"skip":true},{"start":{"line":112,"column":20},"end":{"line":112,"column":68},"skip":true}]},"15":{"line":129,"type":"if","locations":[{"start":{"line":129,"column":16},"end":{"line":129,"column":16},"skip":true},{"start":{"line":129,"column":16},"end":{"line":129,"column":16},"skip":true}]},"16":{"line":134,"type":"cond-expr","locations":[{"start":{"line":135,"column":26},"end":{"line":135,"column":29},"skip":true},{"start":{"line":136,"column":26},"end":{"line":136,"column":54},"skip":true}]},"17":{"line":164,"type":"binary-expr","locations":[{"start":{"line":164,"column":27},"end":{"line":164,"column":43},"skip":true},{"start":{"line":164,"column":47},"end":{"line":164,"column":49},"skip":true}]},"18":{"line":258,"type":"if","locations":[{"start":{"line":258,"column":8},"end":{"line":258,"column":8},"skip":true},{"start":{"line":258,"column":8},"end":{"line":258,"column":8},"skip":true}]},"19":{"line":275,"type":"switch","locations":[{"start":{"line":276,"column":20},"end":{"line":277,"column":64},"skip":true},{"start":{"line":278,"column":20},"end":{"line":279,"column":40},"skip":true},{"start":{"line":280,"column":20},"end":{"line":281,"column":40},"skip":true},{"start":{"line":282,"column":20},"end":{"line":283,"column":39},"skip":true}]},"20":{"line":288,"type":"if","locations":[{"start":{"line":288,"column":8},"end":{"line":288,"column":8},"skip":true},{"start":{"line":288,"column":8},"end":{"line":288,"column":8},"skip":true}]},"21":{"line":288,"type":"binary-expr","locations":[{"start":{"line":288,"column":12},"end":{"line":288,"column":40},"skip":true},{"start":{"line":288,"column":44},"end":{"line":288,"column":67},"skip":true}]},"22":{"line":292,"type":"binary-expr","locations":[{"start":{"line":292,"column":12},"end":{"line":292,"column":50},"skip":true},{"start":{"line":293,"column":12},"end":{"line":293,"column":53},"skip":true}]},"23":{"line":297,"type":"binary-expr","locations":[{"start":{"line":297,"column":12},"end":{"line":297,"column":66},"skip":true},{"start":{"line":298,"column":12},"end":{"line":301,"column":36},"skip":true}]},"24":{"line":303,"type":"binary-expr","locations":[{"start":{"line":303,"column":43},"end":{"line":303,"column":75},"skip":true},{"start":{"line":303,"column":79},"end":{"line":303,"column":81},"skip":true}]},"25":{"line":306,"type":"if","locations":[{"start":{"line":306,"column":8},"end":{"line":306,"column":8},"skip":true},{"start":{"line":306,"column":8},"end":{"line":306,"column":8},"skip":true}]},"26":{"line":310,"type":"if","locations":[{"start":{"line":310,"column":8},"end":{"line":310,"column":8},"skip":true},{"start":{"line":310,"column":8},"end":{"line":310,"column":8},"skip":true}]},"27":{"line":313,"type":"binary-expr","locations":[{"start":{"line":313,"column":27},"end":{"line":313,"column":43},"skip":true},{"start":{"line":313,"column":47},"end":{"line":313,"column":53},"skip":true}]},"28":{"line":317,"type":"if","locations":[{"start":{"line":317,"column":12},"end":{"line":317,"column":12},"skip":true},{"start":{"line":317,"column":12},"end":{"line":317,"column":12},"skip":true}]}},"code":["/*","example.js","","quickstart example","","instruction","    1. save this script as example.js","    2. run the shell command:","        $ npm install npmtest-yuidocjs && PORT=8081 node example.js","    3. play with the browser-demo on http://127.0.0.1:8081","*/","","","","/* istanbul instrument in package npmtest_yuidocjs */","/*jslint","    bitwise: true,","    browser: true,","    maxerr: 8,","    maxlen: 96,","    node: true,","    nomen: true,","    regexp: true,","    stupid: true","*/","(function () {","    'use strict';","    var local;","","","","    // run shared js-env code - pre-init","    (function () {","        // init local","        local = {};","        // init modeJs","        local.modeJs = (function () {","            try {","                return typeof navigator.userAgent === 'string' &&","                    typeof document.querySelector('body') === 'object' &&","                    typeof XMLHttpRequest.prototype.open === 'function' &&","                    'browser';","            } catch (errorCaughtBrowser) {","                return module.exports &&","                    typeof process.versions.node === 'string' &&","                    typeof require('http').createServer === 'function' &&","                    'node';","            }","        }());","        // init global","        local.global = local.modeJs === 'browser'","            ? window","            : global;","        // init utility2_rollup","        local = local.global.utility2_rollup || (local.modeJs === 'browser'","            ? local.global.utility2_npmtest_yuidocjs","            : global.utility2_moduleExports);","        // export local","        local.global.local = local;","    }());","    switch (local.modeJs) {","","","","    // post-init","    // run browser js-env code - post-init","    /* istanbul ignore next */","    case 'browser':","        local.testRunBrowser = function (event) {","            if (!event || (event &&","                    event.currentTarget &&","                    event.currentTarget.className &&","                    event.currentTarget.className.includes &&","                    event.currentTarget.className.includes('onreset'))) {","                // reset output","                Array.from(","                    document.querySelectorAll('body > .resettable')","                ).forEach(function (element) {","                    switch (element.tagName) {","                    case 'INPUT':","                    case 'TEXTAREA':","                        element.value = '';","                        break;","                    default:","                        element.textContent = '';","                    }","                });","            }","            switch (event && event.currentTarget && event.currentTarget.id) {","            case 'testRunButton1':","                // show tests","                if (document.querySelector('#testReportDiv1').style.display === 'none') {","                    document.querySelector('#testReportDiv1').style.display = 'block';","                    document.querySelector('#testRunButton1').textContent =","                        'hide internal test';","                    local.modeTest = true;","                    local.testRunDefault(local);","                // hide tests","                } else {","                    document.querySelector('#testReportDiv1').style.display = 'none';","                    document.querySelector('#testRunButton1').textContent = 'run internal test';","                }","                break;","            // custom-case","            default:","                break;","            }","            if (document.querySelector('#inputTextareaEval1') && (!event || (event &&","                    event.currentTarget &&","                    event.currentTarget.className &&","                    event.currentTarget.className.includes &&","                    event.currentTarget.className.includes('oneval')))) {","                // try to eval input-code","                try {","                    /*jslint evil: true*/","                    eval(document.querySelector('#inputTextareaEval1').value);","                } catch (errorCaught) {","                    console.error(errorCaught);","                }","            }","        };","        // log stderr and stdout to #outputTextareaStdout1","        ['error', 'log'].forEach(function (key) {","            console[key + '_original'] = console[key];","            console[key] = function () {","                var element;","                console[key + '_original'].apply(console, arguments);","                element = document.querySelector('#outputTextareaStdout1');","                if (!element) {","                    return;","                }","                // append text to #outputTextareaStdout1","                element.value += Array.from(arguments).map(function (arg) {","                    return typeof arg === 'string'","                        ? arg","                        : JSON.stringify(arg, null, 4);","                }).join(' ') + '\\n';","                // scroll textarea to bottom","                element.scrollTop = element.scrollHeight;","            };","        });","        // init event-handling","        ['change', 'click', 'keyup'].forEach(function (event) {","            Array.from(document.querySelectorAll('.on' + event)).forEach(function (element) {","                element.addEventListener(event, local.testRunBrowser);","            });","        });","        // run tests","        local.testRunBrowser();","        break;","","","","    // run node js-env code - post-init","    /* istanbul ignore next */","    case 'node':","        // export local","        module.exports = local;","        // require modules","        local.fs = require('fs');","        local.http = require('http');","        local.url = require('url');","        // init assets","        local.assetsDict = local.assetsDict || {};","        /* jslint-ignore-begin */","        local.assetsDict['/assets.index.template.html'] = '\\","<!doctype html>\\n\\","<html lang=\"en\">\\n\\","<head>\\n\\","<meta charset=\"UTF-8\">\\n\\","<meta name=\"viewport\" content=\"width=device-width, initial-scale=1\">\\n\\","<title>{{env.npm_package_name}} (v{{env.npm_package_version}})</title>\\n\\","<style>\\n\\","/*csslint\\n\\","    box-sizing: false,\\n\\","    universal-selector: false\\n\\","*/\\n\\","* {\\n\\","    box-sizing: border-box;\\n\\","}\\n\\","body {\\n\\","    background: #dde;\\n\\","    font-family: Arial, Helvetica, sans-serif;\\n\\","    margin: 2rem;\\n\\","}\\n\\","body > * {\\n\\","    margin-bottom: 1rem;\\n\\","}\\n\\",".utility2FooterDiv {\\n\\","    margin-top: 20px;\\n\\","    text-align: center;\\n\\","}\\n\\","</style>\\n\\","<style>\\n\\","/*csslint\\n\\","*/\\n\\","textarea {\\n\\","    font-family: monospace;\\n\\","    height: 10rem;\\n\\","    width: 100%;\\n\\","}\\n\\","textarea[readonly] {\\n\\","    background: #ddd;\\n\\","}\\n\\","</style>\\n\\","</head>\\n\\","<body>\\n\\","<!-- utility2-comment\\n\\","<div id=\"ajaxProgressDiv1\" style=\"background: #d00; height: 2px; left: 0; margin: 0; padding: 0; position: fixed; top: 0; transition: background 0.5s, width 1.5s; width: 25%;\"></div>\\n\\","utility2-comment -->\\n\\","<h1>\\n\\","<!-- utility2-comment\\n\\","    <a\\n\\","        {{#if env.npm_package_homepage}}\\n\\","        href=\"{{env.npm_package_homepage}}\"\\n\\","        {{/if env.npm_package_homepage}}\\n\\","        target=\"_blank\"\\n\\","    >\\n\\","utility2-comment -->\\n\\","        {{env.npm_package_name}} (v{{env.npm_package_version}})\\n\\","<!-- utility2-comment\\n\\","    </a>\\n\\","utility2-comment -->\\n\\","</h1>\\n\\","<h3>{{env.npm_package_description}}</h3>\\n\\","<!-- utility2-comment\\n\\","<h4><a download href=\"assets.app.js\">download standalone app</a></h4>\\n\\","<button class=\"onclick onreset\" id=\"testRunButton1\">run internal test</button><br>\\n\\","<div id=\"testReportDiv1\" style=\"display: none;\"></div>\\n\\","utility2-comment -->\\n\\","\\n\\","\\n\\","\\n\\","<label>stderr and stdout</label>\\n\\","<textarea class=\"resettable\" id=\"outputTextareaStdout1\" readonly></textarea>\\n\\","<!-- utility2-comment\\n\\","{{#if isRollup}}\\n\\","<script src=\"assets.app.js\"></script>\\n\\","{{#unless isRollup}}\\n\\","utility2-comment -->\\n\\","<script src=\"assets.utility2.rollup.js\"></script>\\n\\","<script src=\"jsonp.utility2._stateInit?callback=window.utility2._stateInit\"></script>\\n\\","<script src=\"assets.npmtest_yuidocjs.rollup.js\"></script>\\n\\","<script src=\"assets.example.js\"></script>\\n\\","<script src=\"assets.test.js\"></script>\\n\\","<!-- utility2-comment\\n\\","{{/if isRollup}}\\n\\","utility2-comment -->\\n\\","<div class=\"utility2FooterDiv\">\\n\\","    [ this app was created with\\n\\","    <a href=\"https://github.com/kaizhu256/node-utility2\" target=\"_blank\">utility2</a>\\n\\","    ]\\n\\","</div>\\n\\","</body>\\n\\","</html>\\n\\","';","        /* jslint-ignore-end */","        if (local.templateRender) {","            local.assetsDict['/'] = local.templateRender(","                local.assetsDict['/assets.index.template.html'],","                {","                    env: local.objectSetDefault(local.env, {","                        npm_package_description: 'the greatest app in the world!',","                        npm_package_name: 'my-app',","                        npm_package_nameAlias: 'my_app',","                        npm_package_version: '0.0.1'","                    })","                }","            );","        } else {","            local.assetsDict['/'] = local.assetsDict['/assets.index.template.html']","                .replace((/\\{\\{env\\.(\\w+?)\\}\\}/g), function (match0, match1) {","                    // jslint-hack","                    String(match0);","                    switch (match1) {","                    case 'npm_package_description':","                        return 'the greatest app in the world!';","                    case 'npm_package_name':","                        return 'my-app';","                    case 'npm_package_nameAlias':","                        return 'my_app';","                    case 'npm_package_version':","                        return '0.0.1';","                    }","                });","        }","        // run the cli","        if (local.global.utility2_rollup || module !== require.main) {","            break;","        }","        local.assetsDict['/assets.example.js'] =","            local.assetsDict['/assets.example.js'] ||","            local.fs.readFileSync(__filename, 'utf8');","        // bug-workaround - long $npm_package_buildCustomOrg","        /* jslint-ignore-begin */","        local.assetsDict['/assets.npmtest_yuidocjs.rollup.js'] =","            local.assetsDict['/assets.npmtest_yuidocjs.rollup.js'] ||","            local.fs.readFileSync(","                local.npmtest_yuidocjs.__dirname + '/lib.npmtest_yuidocjs.js',","                'utf8'","            ).replace((/^#!/), '//');","        /* jslint-ignore-end */","        local.assetsDict['/favicon.ico'] = local.assetsDict['/favicon.ico'] || '';","        // if $npm_config_timeout_exit exists,","        // then exit this process after $npm_config_timeout_exit ms","        if (Number(process.env.npm_config_timeout_exit)) {","            setTimeout(process.exit, Number(process.env.npm_config_timeout_exit));","        }","        // start server","        if (local.global.utility2_serverHttp1) {","            break;","        }","        process.env.PORT = process.env.PORT || '8081';","        console.error('server starting on port ' + process.env.PORT);","        local.http.createServer(function (request, response) {","            request.urlParsed = local.url.parse(request.url);","            if (local.assetsDict[request.urlParsed.pathname] !== undefined) {","                response.end(local.assetsDict[request.urlParsed.pathname]);","                return;","            }","            response.statusCode = 404;","            response.end();","        }).listen(process.env.PORT);","        break;","    }","}());",""],"l":{"26":2,"28":2,"33":2,"35":2,"37":2,"38":2,"39":2,"44":1,"51":2,"55":2,"59":2,"61":2,"69":1,"70":2,"76":2,"79":2,"82":2,"83":2,"85":1,"89":2,"92":1,"93":1,"94":1,"96":1,"97":1,"100":1,"101":1,"103":1,"106":1,"108":2,"114":1,"116":1,"118":1,"123":1,"124":2,"125":2,"126":3,"127":3,"128":3,"129":3,"130":1,"133":3,"134":3,"139":3,"143":1,"144":3,"145":1,"149":1,"150":1,"158":1,"160":1,"161":1,"162":1,"164":1,"166":1,"258":1,"259":1,"271":1,"274":6,"275":6,"277":1,"279":2,"281":1,"283":2,"288":1,"289":1,"291":1,"296":1,"303":1,"306":1,"307":1,"310":1,"311":1,"313":1,"314":1,"315":1,"316":1,"317":1,"318":1,"319":1,"321":1,"322":1,"324":1}},"/home/travis/build/npmtest/node-npmtest-yuidocjs/node_modules/yuidocjs/lib/index.js":{"path":"/home/travis/build/npmtest/node-npmtest-yuidocjs/node_modules/yuidocjs/lib/index.js","s":{"1":1,"2":1,"3":1,"4":0,"5":0,"6":1,"7":1,"8":1,"9":1,"10":1,"11":0,"12":0,"13":0,"14":0,"15":0,"16":1,"17":0,"18":0,"19":0,"20":0,"21":0,"22":0,"23":0,"24":0,"25":0,"26":0,"27":0,"28":0,"29":0,"30":1,"31":1,"32":1},"b":{"1":[0,0],"2":[0,1],"3":[0,0],"4":[0,0,0],"5":[0,0],"6":[0,0],"7":[0,0,0]},"f":{"1":0,"2":0,"3":0},"fnMap":{"1":{"name":"(anonymous_1)","line":29,"loc":{"start":{"line":29,"column":13},"end":{"line":29,"column":29}}},"2":{"name":"log","line":40,"loc":{"start":{"line":40,"column":0},"end":{"line":40,"column":30}}},"3":{"name":"(anonymous_3)","line":52,"loc":{"start":{"line":52,"column":32},"end":{"line":52,"column":47}}}},"statementMap":{"1":{"start":{"line":26,"column":0},"end":{"line":26,"column":33}},"2":{"start":{"line":27,"column":0},"end":{"line":27,"column":18}},"3":{"start":{"line":29,"column":0},"end":{"line":33,"column":3}},"4":{"start":{"line":30,"column":4},"end":{"line":32,"column":5}},"5":{"start":{"line":31,"column":8},"end":{"line":31,"column":21}},"6":{"start":{"line":35,"column":0},"end":{"line":35,"column":55}},"7":{"start":{"line":36,"column":0},"end":{"line":36,"column":27}},"8":{"start":{"line":37,"column":0},"end":{"line":37,"column":32}},"9":{"start":{"line":38,"column":0},"end":{"line":38,"column":59}},"10":{"start":{"line":40,"column":0},"end":{"line":50,"column":1}},"11":{"start":{"line":41,"column":4},"end":{"line":43,"column":5}},"12":{"start":{"line":42,"column":8},"end":{"line":42,"column":15}},"13":{"start":{"line":45,"column":4},"end":{"line":47,"column":5}},"14":{"start":{"line":46,"column":8},"end":{"line":46,"column":42}},"15":{"start":{"line":49,"column":4},"end":{"line":49,"column":45}},"16":{"start":{"line":52,"column":0},"end":{"line":75,"column":3}},"17":{"start":{"line":53,"column":4},"end":{"line":55,"column":51}},"18":{"start":{"line":57,"column":4},"end":{"line":61,"column":7}},"19":{"start":{"line":63,"column":4},"end":{"line":63,"column":100}},"20":{"start":{"line":64,"column":4},"end":{"line":64,"column":88}},"21":{"start":{"line":65,"column":4},"end":{"line":65,"column":100}},"22":{"start":{"line":66,"column":4},"end":{"line":66,"column":55}},"23":{"start":{"line":67,"column":4},"end":{"line":67,"column":100}},"24":{"start":{"line":68,"column":4},"end":{"line":68,"column":61}},"25":{"start":{"line":69,"column":4},"end":{"line":69,"column":53}},"26":{"start":{"line":70,"column":4},"end":{"line":70,"column":57}},"27":{"start":{"line":71,"column":4},"end":{"line":71,"column":72}},"28":{"start":{"line":72,"column":4},"end":{"line":72,"column":100}},"29":{"start":{"line":74,"column":4},"end":{"line":74,"column":20}},"30":{"start":{"line":77,"column":0},"end":{"line":118,"column":114}},"31":{"start":{"line":120,"column":0},"end":{"line":120,"column":42}},"32":{"start":{"line":122,"column":0},"end":{"line":122,"column":19}}},"branchMap":{"1":{"line":30,"type":"if","locations":[{"start":{"line":30,"column":4},"end":{"line":30,"column":4}},{"start":{"line":30,"column":4},"end":{"line":30,"column":4}}]},"2":{"line":35,"type":"cond-expr","locations":[{"start":{"line":35,"column":35},"end":{"line":35,"column":43}},{"start":{"line":35,"column":46},"end":{"line":35,"column":48}}]},"3":{"line":41,"type":"if","locations":[{"start":{"line":41,"column":4},"end":{"line":41,"column":4}},{"start":{"line":41,"column":4},"end":{"line":41,"column":4}}]},"4":{"line":41,"type":"binary-expr","locations":[{"start":{"line":41,"column":8},"end":{"line":41,"column":16}},{"start":{"line":41,"column":20},"end":{"line":41,"column":26}},{"start":{"line":41,"column":30},"end":{"line":41,"column":66}}]},"5":{"line":45,"type":"if","locations":[{"start":{"line":45,"column":4},"end":{"line":45,"column":4}},{"start":{"line":45,"column":4},"end":{"line":45,"column":4}}]},"6":{"line":55,"type":"cond-expr","locations":[{"start":{"line":55,"column":24},"end":{"line":55,"column":41}},{"start":{"line":55,"column":44},"end":{"line":55,"column":49}}]},"7":{"line":66,"type":"binary-expr","locations":[{"start":{"line":66,"column":13},"end":{"line":66,"column":22}},{"start":{"line":66,"column":26},"end":{"line":66,"column":37}},{"start":{"line":66,"column":41},"end":{"line":66,"column":44}}]}},"code":["/**"," * Copyright (c) 2011, Yahoo! Inc. All rights reserved."," * Code licensed under the BSD License:"," * https://github.com/yui/yuidoc/blob/master/LICENSE"," */","'use strict';","","/**","Module creates the YUI instance with the required modules, uses them and exports the **Y** to be used","by the _CLI class_ or by extenders: `require('yuidocjs');`","You can use it like this:","","    var options = {","        paths: [ './lib' ],","        outdir: './out'","    };","","    var Y = require('yuidocjs');","    var json = (new Y.YUIDoc(options)).run();","","@class Main","@exports {YUI} Y A YUI instance","@module yuidoc","*/","//Hacking in debug support","var args = process.argv.slice(2);","var debug = false;","","args.forEach(function (item) {","    if (item.toLowerCase() === '--debug') {","        debug = true;","    }","});","","var YUI = require('yui' + (debug ? '/debug' : '')).YUI;","var path = require('path');","var fs = require('graceful-fs');","var metaPath = path.join(__dirname, '../', 'package.json');","","function log (message, level) {","    if (!message || !level || typeof console[level] !== 'function') {","        return;","    }","","    if (typeof message === 'object') {","        message = JSON.stringify(message);","    }","","    console[level]('%s: %s', level, message);","}","","process.on('uncaughtException', function (msg) {","    var meta = JSON.parse(fs.readFileSync(metaPath)),","        inst = YUI(),","        useColor = (Y ? Y.config.useColor : false);","","    inst.applyConfig({","        debug: true,","        logFn: log,","        useColor: useColor","    });","","    inst.log('--------------------------------------------------------------------------', 'error');","    inst.log('An uncaught YUIDoc error has occurred, stack trace given below', 'error');","    inst.log('--------------------------------------------------------------------------', 'error');","    inst.log(msg.stack || msg.message || msg, 'error');","    inst.log('--------------------------------------------------------------------------', 'error');","    inst.log('Node.js version: ' + process.version, 'error');","    inst.log('YUI version: ' + YUI.version, 'error');","    inst.log('YUIDoc version: ' + meta.version, 'error');","    inst.log('Please file all tickets here: ' + meta.bugs.url, 'error');","    inst.log('--------------------------------------------------------------------------', 'error');","","    process.exit(1);","});","","var Y = YUI({","    modules: {","        help: {","            fullpath: path.join(__dirname, 'help.js')","        },","        options: {","            fullpath: path.join(__dirname, 'options.js')","        },","        docparser: {","            fullpath: path.join(__dirname, 'docparser.js'),","            requires: ['base-base', 'json-stringify']","        },","        yuidoc: {","            fullpath: path.join(__dirname, 'yuidoc.js')","        },","        'doc-builder': {","            fullpath: path.join(__dirname, 'builder.js'),","            requires: ['parallel', 'handlebars']","        },","        utils: {","            fullpath: path.join(__dirname, 'utils.js')","        },","        files: {","            fullpath: path.join(__dirname, 'files.js')","        },","        docview: {","            fullpath: path.join(__dirname, 'docview.js')","        },","        server: {","            fullpath: path.join(__dirname, 'server.js')","        },","        project: {","            fullpath: path.join(__dirname, 'project.js')","        }","    },","    logExclude: {","        attribute: true,","        handlebars: true","    },","    logFn: log,","    useSync: true","}).use('utils', 'docparser', 'yuidoc', 'doc-builder', 'docview', 'files', 'help', 'options', 'server', 'project');","","Y.packageInfo = Y.Files.getJSON(metaPath);","","module.exports = Y;",""],"l":{"26":1,"27":1,"29":1,"30":0,"31":0,"35":1,"36":1,"37":1,"38":1,"40":1,"41":0,"42":0,"45":0,"46":0,"49":0,"52":1,"53":0,"57":0,"63":0,"64":0,"65":0,"66":0,"67":0,"68":0,"69":0,"70":0,"71":0,"72":0,"74":0,"77":1,"120":1,"122":1}},"/home/travis/build/npmtest/node-npmtest-yuidocjs/node_modules/yuidocjs/lib/builder.js":{"path":"/home/travis/build/npmtest/node-npmtest-yuidocjs/node_modules/yuidocjs/lib/builder.js","s":{"1":2,"2":2,"3":2,"4":2,"5":2,"6":2,"7":2,"8":0,"9":0,"10":0,"11":0,"12":0,"13":0,"14":0,"15":0,"16":0,"17":0,"18":0,"19":0,"20":0,"21":0,"22":0,"23":0,"24":0,"25":0,"26":0,"27":0,"28":0,"29":0,"30":0,"31":0,"32":0,"33":0,"34":0,"35":0,"36":0,"37":0,"38":0,"39":0,"40":0,"41":0,"42":0,"43":0,"44":0,"45":0,"46":0,"47":0,"48":0,"49":0,"50":0,"51":0,"52":0,"53":0,"54":0,"55":0,"56":0,"57":0,"58":0,"59":0,"60":0,"61":0,"62":0,"63":0,"64":0,"65":0,"66":0,"67":0,"68":0,"69":0,"70":0,"71":0,"72":0,"73":0,"74":0,"75":0,"76":0,"77":0,"78":0,"79":0,"80":0,"81":0,"82":0,"83":0,"84":0,"85":0,"86":0,"87":0,"88":0,"89":0,"90":0,"91":0,"92":0,"93":0,"94":0,"95":0,"96":0,"97":0,"98":0,"99":0,"100":0,"101":0,"102":0,"103":0,"104":0,"105":0,"106":0,"107":0,"108":0,"109":0,"110":0,"111":0,"112":0,"113":0,"114":0,"115":0,"116":0,"117":0,"118":0,"119":0,"120":0,"121":0,"122":0,"123":0,"124":0,"125":0,"126":0,"127":0,"128":0,"129":0,"130":0,"131":0,"132":0,"133":0,"134":0,"135":0,"136":0,"137":0,"138":0,"139":0,"140":0,"141":0,"142":0,"143":0,"144":0,"145":0,"146":0,"147":0,"148":0,"149":0,"150":0,"151":0,"152":0,"153":0,"154":0,"155":0,"156":0,"157":0,"158":0,"159":0,"160":0,"161":0,"162":0,"163":0,"164":0,"165":0,"166":0,"167":0,"168":0,"169":0,"170":0,"171":0,"172":0,"173":0,"174":0,"175":0,"176":0,"177":0,"178":0,"179":0,"180":0,"181":0,"182":0,"183":0,"184":0,"185":0,"186":0,"187":0,"188":0,"189":0,"190":0,"191":0,"192":0,"193":0,"194":0,"195":0,"196":0,"197":0,"198":0,"199":0,"200":0,"201":0,"202":0,"203":0,"204":0,"205":0,"206":0,"207":0,"208":0,"209":0,"210":0,"211":0,"212":0,"213":0,"214":0,"215":0,"216":0,"217":0,"218":0,"219":0,"220":0,"221":0,"222":0,"223":0,"224":0,"225":0,"226":0,"227":0,"228":0,"229":0,"230":0,"231":0,"232":0,"233":0,"234":0,"235":0,"236":0,"237":0,"238":0,"239":0,"240":0,"241":0,"242":0,"243":0,"244":0,"245":0,"246":0,"247":0,"248":0,"249":0,"250":0,"251":0,"252":0,"253":0,"254":0,"255":0,"256":0,"257":0,"258":0,"259":0,"260":0,"261":0,"262":0,"263":0,"264":0,"265":0,"266":0,"267":0,"268":0,"269":0,"270":0,"271":0,"272":0,"273":0,"274":0,"275":0,"276":0,"277":0,"278":0,"279":0,"280":0,"281":0,"282":0,"283":0,"284":0,"285":0,"286":0,"287":0,"288":0,"289":0,"290":0,"291":0,"292":0,"293":0,"294":0,"295":0,"296":0,"297":0,"298":0,"299":0,"300":0,"301":0,"302":0,"303":0,"304":0,"305":0,"306":0,"307":0,"308":0,"309":0,"310":0,"311":0,"312":0,"313":0,"314":0,"315":0,"316":0,"317":0,"318":0,"319":0,"320":0,"321":0,"322":0,"323":0,"324":0,"325":0,"326":0,"327":0,"328":0,"329":0,"330":0,"331":0,"332":0,"333":0,"334":0,"335":0,"336":0,"337":0,"338":0,"339":0,"340":0,"341":0,"342":0,"343":0,"344":0,"345":0,"346":0,"347":0,"348":0,"349":0,"350":0,"351":0,"352":0,"353":0,"354":0,"355":0,"356":0,"357":0,"358":0,"359":0,"360":0,"361":0,"362":0,"363":0,"364":0,"365":0,"366":0,"367":0,"368":0,"369":0,"370":0,"371":0,"372":0,"373":0,"374":0,"375":0,"376":0,"377":0,"378":0,"379":0,"380":0,"381":0,"382":0,"383":0,"384":0,"385":0,"386":0,"387":0,"388":0,"389":0,"390":0,"391":0,"392":0,"393":0,"394":0,"395":0,"396":0,"397":0,"398":0,"399":0,"400":0,"401":0,"402":0,"403":0,"404":0,"405":0,"406":0,"407":0,"408":0,"409":0,"410":0,"411":0,"412":0,"413":0,"414":0,"415":0,"416":0,"417":0,"418":0,"419":0,"420":0,"421":0,"422":0,"423":0,"424":0,"425":0,"426":0,"427":0,"428":0,"429":0,"430":0,"431":0,"432":0,"433":0,"434":0,"435":0,"436":0,"437":0,"438":0,"439":0,"440":0,"441":0,"442":0,"443":0,"444":0,"445":0,"446":0,"447":0,"448":0,"449":0,"450":0,"451":0,"452":0,"453":0,"454":0,"455":0,"456":0,"457":0,"458":0,"459":0,"460":0,"461":0,"462":0,"463":0,"464":0,"465":0,"466":0,"467":0,"468":0,"469":0,"470":0,"471":0,"472":0,"473":0,"474":0,"475":0,"476":0,"477":0,"478":0,"479":0,"480":0,"481":0,"482":0,"483":0,"484":0,"485":0,"486":0,"487":0,"488":0,"489":0,"490":0,"491":0,"492":0,"493":0,"494":0,"495":0,"496":0,"497":0,"498":0,"499":0,"500":0,"501":0,"502":0,"503":0,"504":0,"505":0,"506":0,"507":0,"508":0,"509":0,"510":0,"511":0,"512":0,"513":0,"514":0,"515":0,"516":0,"517":0,"518":0,"519":0,"520":0,"521":0,"522":0,"523":0,"524":0,"525":0,"526":0,"527":0,"528":0,"529":0,"530":0,"531":0,"532":0,"533":0,"534":0,"535":0,"536":0,"537":0,"538":0,"539":0,"540":0,"541":0,"542":0,"543":0,"544":0,"545":0,"546":0,"547":0,"548":0,"549":0,"550":0,"551":0,"552":0,"553":0,"554":0,"555":0,"556":0,"557":0,"558":0,"559":0,"560":0,"561":0,"562":0,"563":0,"564":0,"565":0,"566":0,"567":0,"568":0,"569":0,"570":0,"571":0,"572":0,"573":0,"574":0,"575":0,"576":0,"577":0,"578":0,"579":0,"580":0,"581":0,"582":0,"583":0,"584":0,"585":0,"586":0,"587":0,"588":0,"589":0,"590":0,"591":0,"592":0,"593":0,"594":0,"595":0,"596":0,"597":0,"598":0,"599":0,"600":0,"601":0,"602":0,"603":0,"604":0,"605":0,"606":0,"607":0,"608":0,"609":0,"610":0,"611":0,"612":0,"613":0,"614":0,"615":0,"616":0,"617":0,"618":0,"619":0,"620":0,"621":0,"622":0,"623":0,"624":0,"625":0,"626":0,"627":0,"628":0,"629":0,"630":0,"631":0,"632":0,"633":0,"634":0,"635":0,"636":0,"637":0,"638":0,"639":0,"640":0,"641":0,"642":0,"643":0,"644":0,"645":0,"646":0,"647":0,"648":0,"649":0,"650":0,"651":0,"652":0,"653":0,"654":0,"655":0,"656":0,"657":0,"658":0,"659":0,"660":0,"661":0,"662":0,"663":0,"664":0,"665":0,"666":0,"667":0,"668":0,"669":0,"670":0,"671":0,"672":0,"673":0,"674":0,"675":0,"676":0,"677":0,"678":0,"679":0,"680":0,"681":0,"682":0,"683":0,"684":0,"685":0,"686":0,"687":0,"688":0,"689":0,"690":0,"691":0,"692":0,"693":0,"694":0,"695":0,"696":0,"697":0,"698":0,"699":0,"700":0,"701":0,"702":0,"703":0,"704":0,"705":0,"706":0,"707":0,"708":0,"709":0,"710":0,"711":0,"712":0,"713":0,"714":0,"715":0,"716":0,"717":0,"718":0,"719":0,"720":0,"721":0,"722":0,"723":0,"724":0,"725":0,"726":0,"727":0,"728":0,"729":0,"730":0,"731":0,"732":0,"733":0,"734":0,"735":0,"736":0,"737":0,"738":0,"739":0,"740":0,"741":0,"742":0,"743":0,"744":0,"745":0,"746":0,"747":0,"748":0,"749":0,"750":0,"751":0,"752":0,"753":0,"754":0,"755":0,"756":0,"757":0,"758":0,"759":0,"760":0,"761":0,"762":0,"763":0,"764":0,"765":0,"766":0,"767":0,"768":0,"769":0,"770":0,"771":0,"772":0,"773":0,"774":0,"775":0,"776":0,"777":0,"778":0,"779":0,"780":0,"781":0,"782":0,"783":0,"784":0,"785":0,"786":0,"787":0,"788":0,"789":0,"790":0,"791":0,"792":0,"793":0,"794":0,"795":0,"796":0,"797":0,"798":0,"799":0,"800":0,"801":0,"802":0,"803":0,"804":0,"805":0,"806":0,"807":0,"808":0,"809":0,"810":0,"811":0,"812":0,"813":0,"814":0,"815":0,"816":0,"817":0,"818":0,"819":0,"820":0,"821":0,"822":0,"823":0,"824":0,"825":0,"826":0,"827":0,"828":0,"829":0,"830":0,"831":0,"832":0,"833":0,"834":0,"835":0,"836":0,"837":0,"838":0,"839":0,"840":0,"841":0,"842":0,"843":0,"844":0,"845":0,"846":0,"847":0,"848":0,"849":0,"850":0,"851":0,"852":0,"853":0,"854":0,"855":0,"856":0,"857":0,"858":0,"859":0,"860":0,"861":0,"862":0,"863":0,"864":0,"865":0,"866":0,"867":0,"868":0,"869":0,"870":0,"871":0,"872":0,"873":0,"874":0,"875":0,"876":0,"877":0,"878":0,"879":0,"880":0,"881":0,"882":0,"883":0,"884":0,"885":0,"886":0,"887":0},"b":{"1":[0,0],"2":[0,0],"3":[0,0],"4":[0,0],"5":[0,0],"6":[0,0],"7":[0,0],"8":[0,0],"9":[0,0],"10":[0,0],"11":[0,0],"12":[0,0],"13":[0,0],"14":[0,0],"15":[0,0],"16":[0,0],"17":[0,0],"18":[0,0],"19":[0,0],"20":[0,0],"21":[0,0],"22":[0,0],"23":[0,0],"24":[0,0],"25":[0,0],"26":[0,0],"27":[0,0],"28":[0,0],"29":[0,0],"30":[0,0],"31":[0,0],"32":[0,0],"33":[0,0],"34":[0,0],"35":[0,0],"36":[0,0,0],"37":[0,0],"38":[0,0],"39":[0,0],"40":[0,0],"41":[0,0],"42":[0,0],"43":[0,0],"44":[0,0],"45":[0,0],"46":[0,0],"47":[0,0],"48":[0,0],"49":[0,0],"50":[0,0],"51":[0,0],"52":[0,0],"53":[0,0],"54":[0,0],"55":[0,0],"56":[0,0],"57":[0,0],"58":[0,0],"59":[0,0],"60":[0,0],"61":[0,0],"62":[0,0],"63":[0,0],"64":[0,0],"65":[0,0],"66":[0,0],"67":[0,0],"68":[0,0],"69":[0,0],"70":[0,0],"71":[0,0],"72":[0,0],"73":[0,0],"74":[0,0],"75":[0,0],"76":[0,0],"77":[0,0],"78":[0,0],"79":[0,0],"80":[0,0],"81":[0,0],"82":[0,0],"83":[0,0],"84":[0,0],"85":[0,0],"86":[0,0],"87":[0,0],"88":[0,0,0],"89":[0,0],"90":[0,0],"91":[0,0],"92":[0,0],"93":[0,0],"94":[0,0],"95":[0,0],"96":[0,0],"97":[0,0],"98":[0,0],"99":[0,0],"100":[0,0],"101":[0,0],"102":[0,0],"103":[0,0],"104":[0,0],"105":[0,0],"106":[0,0],"107":[0,0],"108":[0,0],"109":[0,0],"110":[0,0],"111":[0,0],"112":[0,0],"113":[0,0],"114":[0,0],"115":[0,0],"116":[0,0],"117":[0,0],"118":[0,0],"119":[0,0],"120":[0,0],"121":[0,0],"122":[0,0],"123":[0,0],"124":[0,0],"125":[0,0],"126":[0,0],"127":[0,0],"128":[0,0],"129":[0,0],"130":[0,0],"131":[0,0],"132":[0,0],"133":[0,0],"134":[0,0],"135":[0,0],"136":[0,0],"137":[0,0],"138":[0,0],"139":[0,0],"140":[0,0],"141":[0,0],"142":[0,0],"143":[0,0],"144":[0,0],"145":[0,0],"146":[0,0],"147":[0,0],"148":[0,0],"149":[0,0],"150":[0,0],"151":[0,0],"152":[0,0],"153":[0,0],"154":[0,0],"155":[0,0],"156":[0,0],"157":[0,0],"158":[0,0],"159":[0,0],"160":[0,0],"161":[0,0],"162":[0,0],"163":[0,0],"164":[0,0],"165":[0,0],"166":[0,0],"167":[0,0],"168":[0,0],"169":[0,0],"170":[0,0],"171":[0,0],"172":[0,0],"173":[0,0],"174":[0,0],"175":[0,0],"176":[0,0,0,0,0],"177":[0,0],"178":[0,0],"179":[0,0],"180":[0,0],"181":[0,0],"182":[0,0],"183":[0,0],"184":[0,0],"185":[0,0],"186":[0,0],"187":[0,0],"188":[0,0],"189":[0,0],"190":[0,0],"191":[0,0],"192":[0,0],"193":[0,0],"194":[0,0],"195":[0,0],"196":[0,0],"197":[0,0],"198":[0,0],"199":[0,0],"200":[0,0],"201":[0,0],"202":[0,0],"203":[0,0],"204":[0,0],"205":[0,0],"206":[0,0],"207":[0,0],"208":[0,0],"209":[0,0],"210":[0,0],"211":[0,0],"212":[0,0],"213":[0,0],"214":[0,0],"215":[0,0],"216":[0,0],"217":[0,0],"218":[0,0],"219":[0,0],"220":[0,0],"221":[0,0],"222":[0,0],"223":[0,0],"224":[0,0],"225":[0,0],"226":[0,0],"227":[0,0],"228":[0,0],"229":[0,0],"230":[0,0],"231":[0,0],"232":[0,0],"233":[0,0],"234":[0,0],"235":[0,0],"236":[0,0],"237":[0,0],"238":[0,0],"239":[0,0],"240":[0,0],"241":[0,0],"242":[0,0],"243":[0,0],"244":[0,0],"245":[0,0],"246":[0,0],"247":[0,0],"248":[0,0],"249":[0,0],"250":[0,0],"251":[0,0],"252":[0,0],"253":[0,0],"254":[0,0]},"f":{"1":0,"2":0,"3":0,"4":0,"5":0,"6":0,"7":0,"8":0,"9":0,"10":0,"11":0,"12":0,"13":0,"14":0,"15":0,"16":0,"17":0,"18":0,"19":0,"20":0,"21":0,"22":0,"23":0,"24":0,"25":0,"26":0,"27":0,"28":0,"29":0,"30":0,"31":0,"32":0,"33":0,"34":0,"35":0,"36":0,"37":0,"38":0,"39":0,"40":0,"41":0,"42":0,"43":0,"44":0,"45":0,"46":0,"47":0,"48":0,"49":0,"50":0,"51":0,"52":0,"53":0,"54":0,"55":0,"56":0,"57":0,"58":0,"59":0,"60":0,"61":0,"62":0,"63":0,"64":0,"65":0,"66":0,"67":0,"68":0,"69":0,"70":0,"71":0,"72":0,"73":0,"74":0,"75":0,"76":0,"77":0,"78":0,"79":0,"80":0,"81":0,"82":0,"83":0,"84":0,"85":0,"86":0,"87":0,"88":0,"89":0,"90":0,"91":0,"92":0,"93":0,"94":0,"95":0,"96":0,"97":0,"98":0,"99":0,"100":0,"101":0,"102":0,"103":0,"104":0,"105":0,"106":0,"107":0,"108":0,"109":0,"110":0,"111":0,"112":0,"113":0,"114":0,"115":0,"116":0,"117":0,"118":0,"119":0,"120":0,"121":0,"122":0,"123":0,"124":0,"125":0,"126":0,"127":0,"128":0,"129":0,"130":0,"131":0,"132":0,"133":0,"134":0,"135":0},"fnMap":{"1":{"name":"(anonymous_1)","line":11,"loc":{"start":{"line":11,"column":11},"end":{"line":11,"column":23}}},"2":{"name":"(anonymous_2)","line":22,"loc":{"start":{"line":22,"column":23},"end":{"line":22,"column":36}}},"3":{"name":"(anonymous_3)","line":29,"loc":{"start":{"line":29,"column":16},"end":{"line":29,"column":33}}},"4":{"name":"(anonymous_4)","line":32,"loc":{"start":{"line":32,"column":26},"end":{"line":32,"column":42}}},"5":{"name":"(anonymous_5)","line":48,"loc":{"start":{"line":48,"column":49},"end":{"line":48,"column":66}}},"6":{"name":"(anonymous_6)","line":55,"loc":{"start":{"line":55,"column":19},"end":{"line":55,"column":44}}},"7":{"name":"(anonymous_7)","line":69,"loc":{"start":{"line":69,"column":49},"end":{"line":69,"column":80}}},"8":{"name":"(anonymous_8)","line":78,"loc":{"start":{"line":78,"column":30},"end":{"line":78,"column":43}}},"9":{"name":"(anonymous_9)","line":88,"loc":{"start":{"line":88,"column":55},"end":{"line":88,"column":86}}},"10":{"name":"(anonymous_10)","line":101,"loc":{"start":{"line":101,"column":52},"end":{"line":101,"column":68}}},"11":{"name":"(anonymous_11)","line":109,"loc":{"start":{"line":109,"column":30},"end":{"line":109,"column":43}}},"12":{"name":"(anonymous_12)","line":131,"loc":{"start":{"line":131,"column":21},"end":{"line":131,"column":40}}},"13":{"name":"(anonymous_13)","line":133,"loc":{"start":{"line":133,"column":28},"end":{"line":133,"column":43}}},"14":{"name":"(anonymous_14)","line":138,"loc":{"start":{"line":138,"column":39},"end":{"line":138,"column":55}}},"15":{"name":"(anonymous_15)","line":151,"loc":{"start":{"line":151,"column":18},"end":{"line":151,"column":34}}},"16":{"name":"(anonymous_16)","line":177,"loc":{"start":{"line":177,"column":25},"end":{"line":177,"column":55}}},"17":{"name":"(anonymous_17)","line":225,"loc":{"start":{"line":225,"column":63},"end":{"line":225,"column":76}}},"18":{"name":"(anonymous_18)","line":252,"loc":{"start":{"line":252,"column":53},"end":{"line":252,"column":66}}},"19":{"name":"(anonymous_19)","line":303,"loc":{"start":{"line":303,"column":22},"end":{"line":303,"column":34}}},"20":{"name":"(anonymous_20)","line":306,"loc":{"start":{"line":306,"column":46},"end":{"line":306,"column":64}}},"21":{"name":"(anonymous_21)","line":308,"loc":{"start":{"line":308,"column":68},"end":{"line":308,"column":81}}},"22":{"name":"(anonymous_22)","line":309,"loc":{"start":{"line":309,"column":38},"end":{"line":309,"column":59}}},"23":{"name":"(anonymous_23)","line":325,"loc":{"start":{"line":325,"column":42},"end":{"line":325,"column":58}}},"24":{"name":"(anonymous_24)","line":332,"loc":{"start":{"line":332,"column":44},"end":{"line":332,"column":57}}},"25":{"name":"(anonymous_25)","line":351,"loc":{"start":{"line":351,"column":21},"end":{"line":351,"column":35}}},"26":{"name":"(anonymous_26)","line":373,"loc":{"start":{"line":373,"column":30},"end":{"line":373,"column":43}}},"27":{"name":"(anonymous_27)","line":383,"loc":{"start":{"line":383,"column":47},"end":{"line":383,"column":59}}},"28":{"name":"(anonymous_28)","line":387,"loc":{"start":{"line":387,"column":52},"end":{"line":387,"column":69}}},"29":{"name":"(anonymous_29)","line":414,"loc":{"start":{"line":414,"column":23},"end":{"line":414,"column":35}}},"30":{"name":"(anonymous_30)","line":438,"loc":{"start":{"line":438,"column":24},"end":{"line":438,"column":36}}},"31":{"name":"(anonymous_31)","line":470,"loc":{"start":{"line":470,"column":38},"end":{"line":470,"column":54}}},"32":{"name":"(anonymous_32)","line":482,"loc":{"start":{"line":482,"column":25},"end":{"line":482,"column":41}}},"33":{"name":"(anonymous_33)","line":484,"loc":{"start":{"line":484,"column":38},"end":{"line":484,"column":51}}},"34":{"name":"(anonymous_34)","line":506,"loc":{"start":{"line":506,"column":26},"end":{"line":506,"column":42}}},"35":{"name":"(anonymous_35)","line":508,"loc":{"start":{"line":508,"column":39},"end":{"line":508,"column":52}}},"36":{"name":"(anonymous_36)","line":528,"loc":{"start":{"line":528,"column":25},"end":{"line":528,"column":41}}},"37":{"name":"(anonymous_37)","line":532,"loc":{"start":{"line":532,"column":38},"end":{"line":532,"column":51}}},"38":{"name":"(anonymous_38)","line":548,"loc":{"start":{"line":548,"column":45},"end":{"line":548,"column":61}}},"39":{"name":"(anonymous_39)","line":574,"loc":{"start":{"line":574,"column":23},"end":{"line":574,"column":39}}},"40":{"name":"(anonymous_40)","line":577,"loc":{"start":{"line":577,"column":36},"end":{"line":577,"column":49}}},"41":{"name":"(anonymous_41)","line":590,"loc":{"start":{"line":590,"column":36},"end":{"line":590,"column":49}}},"42":{"name":"(anonymous_42)","line":597,"loc":{"start":{"line":597,"column":26},"end":{"line":597,"column":39}}},"43":{"name":"(anonymous_43)","line":600,"loc":{"start":{"line":600,"column":26},"end":{"line":600,"column":42}}},"44":{"name":"(anonymous_44)","line":631,"loc":{"start":{"line":631,"column":20},"end":{"line":631,"column":33}}},"45":{"name":"(anonymous_45)","line":648,"loc":{"start":{"line":648,"column":21},"end":{"line":648,"column":34}}},"46":{"name":"(anonymous_46)","line":651,"loc":{"start":{"line":651,"column":22},"end":{"line":651,"column":39}}},"47":{"name":"(anonymous_47)","line":653,"loc":{"start":{"line":653,"column":30},"end":{"line":653,"column":46}}},"48":{"name":"(anonymous_48)","line":673,"loc":{"start":{"line":673,"column":34},"end":{"line":673,"column":50}}},"49":{"name":"(anonymous_49)","line":684,"loc":{"start":{"line":684,"column":30},"end":{"line":684,"column":46}}},"50":{"name":"(anonymous_50)","line":706,"loc":{"start":{"line":706,"column":18},"end":{"line":706,"column":32}}},"51":{"name":"(anonymous_51)","line":712,"loc":{"start":{"line":712,"column":32},"end":{"line":712,"column":70}}},"52":{"name":"(anonymous_52)","line":713,"loc":{"start":{"line":713,"column":37},"end":{"line":713,"column":50}}},"53":{"name":"(anonymous_53)","line":724,"loc":{"start":{"line":724,"column":25},"end":{"line":724,"column":38}}},"54":{"name":"(anonymous_54)","line":726,"loc":{"start":{"line":726,"column":46},"end":{"line":726,"column":59}}},"55":{"name":"(anonymous_55)","line":728,"loc":{"start":{"line":728,"column":56},"end":{"line":728,"column":68}}},"56":{"name":"(anonymous_56)","line":736,"loc":{"start":{"line":736,"column":23},"end":{"line":736,"column":35}}},"57":{"name":"(anonymous_57)","line":744,"loc":{"start":{"line":744,"column":21},"end":{"line":744,"column":42}}},"58":{"name":"(anonymous_58)","line":761,"loc":{"start":{"line":761,"column":20},"end":{"line":761,"column":36}}},"59":{"name":"(anonymous_59)","line":775,"loc":{"start":{"line":775,"column":21},"end":{"line":775,"column":37}}},"60":{"name":"(anonymous_60)","line":778,"loc":{"start":{"line":778,"column":44},"end":{"line":778,"column":67}}},"61":{"name":"(anonymous_61)","line":798,"loc":{"start":{"line":798,"column":16},"end":{"line":798,"column":68}}},"62":{"name":"(anonymous_62)","line":816,"loc":{"start":{"line":816,"column":26},"end":{"line":816,"column":58}}},"63":{"name":"(anonymous_63)","line":849,"loc":{"start":{"line":849,"column":21},"end":{"line":849,"column":35}}},"64":{"name":"(anonymous_64)","line":852,"loc":{"start":{"line":852,"column":72},"end":{"line":852,"column":93}}},"65":{"name":"(anonymous_65)","line":867,"loc":{"start":{"line":867,"column":82},"end":{"line":867,"column":109}}},"66":{"name":"(anonymous_66)","line":885,"loc":{"start":{"line":885,"column":20},"end":{"line":885,"column":34}}},"67":{"name":"(anonymous_67)","line":890,"loc":{"start":{"line":890,"column":39},"end":{"line":890,"column":61}}},"68":{"name":"(anonymous_68)","line":899,"loc":{"start":{"line":899,"column":23},"end":{"line":899,"column":53}}},"69":{"name":"(anonymous_69)","line":911,"loc":{"start":{"line":911,"column":22},"end":{"line":911,"column":50}}},"70":{"name":"(anonymous_70)","line":917,"loc":{"start":{"line":917,"column":72},"end":{"line":917,"column":93}}},"71":{"name":"(anonymous_71)","line":943,"loc":{"start":{"line":943,"column":54},"end":{"line":943,"column":70}}},"72":{"name":"(anonymous_72)","line":956,"loc":{"start":{"line":956,"column":55},"end":{"line":956,"column":71}}},"73":{"name":"(anonymous_73)","line":970,"loc":{"start":{"line":970,"column":45},"end":{"line":970,"column":58}}},"74":{"name":"(anonymous_74)","line":981,"loc":{"start":{"line":981,"column":57},"end":{"line":981,"column":73}}},"75":{"name":"(anonymous_75)","line":996,"loc":{"start":{"line":996,"column":86},"end":{"line":996,"column":113}}},"76":{"name":"(anonymous_76)","line":1008,"loc":{"start":{"line":1008,"column":23},"end":{"line":1008,"column":35}}},"77":{"name":"(anonymous_77)","line":1019,"loc":{"start":{"line":1019,"column":22},"end":{"line":1019,"column":44}}},"78":{"name":"(anonymous_78)","line":1027,"loc":{"start":{"line":1027,"column":51},"end":{"line":1027,"column":64}}},"79":{"name":"(anonymous_79)","line":1033,"loc":{"start":{"line":1033,"column":38},"end":{"line":1033,"column":51}}},"80":{"name":"(anonymous_80)","line":1037,"loc":{"start":{"line":1037,"column":34},"end":{"line":1037,"column":56}}},"81":{"name":"(anonymous_81)","line":1050,"loc":{"start":{"line":1050,"column":23},"end":{"line":1050,"column":35}}},"82":{"name":"(anonymous_82)","line":1062,"loc":{"start":{"line":1062,"column":21},"end":{"line":1062,"column":37}}},"83":{"name":"(anonymous_83)","line":1064,"loc":{"start":{"line":1064,"column":22},"end":{"line":1064,"column":38}}},"84":{"name":"(anonymous_84)","line":1086,"loc":{"start":{"line":1086,"column":22},"end":{"line":1086,"column":57}}},"85":{"name":"(anonymous_85)","line":1097,"loc":{"start":{"line":1097,"column":38},"end":{"line":1097,"column":51}}},"86":{"name":"(anonymous_86)","line":1101,"loc":{"start":{"line":1101,"column":45},"end":{"line":1101,"column":58}}},"87":{"name":"(anonymous_87)","line":1138,"loc":{"start":{"line":1138,"column":21},"end":{"line":1138,"column":49}}},"88":{"name":"(anonymous_88)","line":1142,"loc":{"start":{"line":1142,"column":72},"end":{"line":1142,"column":93}}},"89":{"name":"(anonymous_89)","line":1182,"loc":{"start":{"line":1182,"column":45},"end":{"line":1182,"column":66}}},"90":{"name":"(anonymous_90)","line":1195,"loc":{"start":{"line":1195,"column":51},"end":{"line":1195,"column":64}}},"91":{"name":"(anonymous_91)","line":1221,"loc":{"start":{"line":1221,"column":56},"end":{"line":1221,"column":69}}},"92":{"
[...]
":{"line":309,"column":32},"end":{"line":309,"column":52}},{"start":{"line":309,"column":56},"end":{"line":309,"column":66}},{"start":{"line":309,"column":70},"end":{"line":309,"column":82}}]},"16":{"line":312,"type":"if","locations":[{"start":{"line":312,"column":24},"end":{"line":312,"column":24}},{"start":{"line":312,"column":24},"end":{"line":312,"column":24}}]},"17":{"line":314,"type":"if","locations":[{"start":{"line":314,"column":28},"end":{"line":314,"column":28}},{"start":{"line":314,"column":28},"end":{"line":314,"column":28}}]},"18":{"line":316,"type":"if","locations":[{"start":{"line":316,"column":36},"end":{"line":316,"column":36}},{"start":{"line":316,"column":36},"end":{"line":316,"column":36}}]},"19":{"line":317,"type":"if","locations":[{"start":{"line":317,"column":40},"end":{"line":317,"column":40}},{"start":{"line":317,"column":40},"end":{"line":317,"column":40}}]},"20":{"line":329,"type":"if","locations":[{"start":{"line":329,"column":12},"end":{"line":329,"column":12}},{"start":{"line":329,"column":12},"end":{"line":329,"column":12}}]},"21":{"line":333,"type":"if","locations":[{"start":{"line":333,"column":12},"end":{"line":333,"column":12}},{"start":{"line":333,"column":12},"end":{"line":333,"column":12}}]},"22":{"line":337,"type":"if","locations":[{"start":{"line":337,"column":16},"end":{"line":337,"column":16}},{"start":{"line":337,"column":16},"end":{"line":337,"column":16}}]},"23":{"line":337,"type":"binary-expr","locations":[{"start":{"line":337,"column":20},"end":{"line":337,"column":55}},{"start":{"line":337,"column":59},"end":{"line":337,"column":84}}]},"24":{"line":342,"type":"if","locations":[{"start":{"line":342,"column":16},"end":{"line":342,"column":16}},{"start":{"line":342,"column":16},"end":{"line":342,"column":16}}]},"25":{"line":367,"type":"if","locations":[{"start":{"line":367,"column":12},"end":{"line":367,"column":12}},{"start":{"line":367,"column":12},"end":{"line":367,"column":12}}]},"26":{"line":367,"type":"binary-expr","locations":[{"start":{"line":367,"column":16},"end":{"line":367,"column":24}},{"start":{"line":367,"column":28},"end":{"line":367,"column":43}}]},"27":{"line":401,"type":"if","locations":[{"start":{"line":401,"column":12},"end":{"line":401,"column":12}},{"start":{"line":401,"column":12},"end":{"line":401,"column":12}}]}},"code":["/**"," * Copyright (c) 2011, Yahoo! Inc. All rights reserved."," * Code licensed under the BSD License:"," * https://github.com/yui/yuidoc/blob/master/LICENSE"," */","'use strict';","","var fs = require('graceful-fs');","var rimraf = require('rimraf');","var path = require('path');","","/**","This is the __module__ description for the `YUIDoc` module.","","    var options = {","        paths: [ './lib' ],","        outdir: './out'","    };","","    var Y = require('yuidocjs');","    var json = (new Y.YUIDoc(options)).run();","","@class YUIDoc","@main yuidoc","*/","","","YUI.add('yuidoc', function (Y) {","","","    /**","     * The default list of configuration options","     * @property OPTIONS","     * @type Object","     * @final","     * @for YUIDoc","     */","    var OPTIONS = {","        quiet: false,","        writeJSON: true,","        outdir: path.join(process.cwd(), 'out'),","        extension: '.js',","        exclude: '.DS_Store,.svn,CVS,.git,build_rollup_tmp,build_tmp,node_modules',","        norecurse: false,","        version: '0.1.0',","        paths: [],","        themedir: path.join(__dirname, 'themes', 'default'),","        syntaxtype: 'js'","    };","","    /**","     * YUIDoc main class","","        var options = {","            paths: [ './lib' ],","            outdir: './out'","        };","","        var Y = require('yuidoc');","        var json = (new Y.YUIDoc(options)).run();","","     * @class YUIDoc","     * @module yuidoc","     * @constructor","     * @param config The config object","     */","    Y.YUIDoc = function (config) {","        /**","         * Holds the number of files that we are processing.","         * @property filecount","         * @type Boolean","         * @private","         */","        this.filecount = 0;","        /**","         * Hash map of dirnames to selleck config options.","         * @property selleck","         * @type Object","         * @private","         */","        this.selleck = {};","        /**","         * Holder for the list of files we are processing.","         * @property filemap","         * @type Object","         * @private","         */","        this.filemap = {};","        /**","         * Holder for the list of directories we are processing.","         * @property dirmap","         * @type Object","         * @private","         */","        this.dirmap = {};","","        /**","         * Internal holder for configuration options.","         * @property options","         * @type Object","         * @private","         */","        this.options = Y.merge(OPTIONS, config);","","        if (this.options.quiet) {","            Y.applyConfig({","                debug: false","            });","        }","","    };","","    Y.YUIDoc.prototype = {","        /**","         * Always exclude these directories","         * @method _setDefaultExcludes","         * @private","         */","        _setDefaultExcludes: function () {","            //These should always be excluded","            var excludes = '.DS_Store,.svn,CVS,.git,build_rollup_tmp,build_tmp,node_modules'.split(','),","                self = this;","","            excludes.forEach(function (item) {","                self.options.excludes[item] = true;","            });","        },","","        /**","         * Does post process on self.options.","         * @method _processConfig","         * @private","         */","        _processConfig: function () {","            this.options.extensions = Y.Array.hash(this.options.extension.split(','));","            this.options.excludes = Y.Array.hash(this.options.exclude.split(','));","            this._setDefaultExcludes();","        },","","        /**","         * Walks the paths and parses the directory contents","         * @method walk","         * @private","         */","        walk: function () {","            Y.each(this.options.paths, function (dir) {","                this.parsedir(dir);","            }, this);","        },","","        /**","         * Walks the passed directory and grabs all the files recursively.","         * @method parsedir","         * @param {String} dir The directory to parse the contents of.","         * @private","         */","        parsedir: function (dir) {","            if (!Y.Files.isDirectory(dir)) {","                throw ('Can not find directory: ' + dir);","            }","","            var allfiles = fs.readdirSync(dir),","                stats,","                files = [],","                fullpath, self = this;","","            if (dir in self.options.excludes) {","                return;","            }","","            allfiles = allfiles.sort();","","            Y.each(allfiles, function (filename) {","                if (!(filename in self.options.excludes)) {","                    fullpath = path.join(dir, filename);","","                    stats = fs.statSync(fullpath);","","                    if (stats.isDirectory() && !self.options.norecurse) {","                        self.parsedir(fullpath);","                    } else {","                        files.push(filename);","                    }","                }","            });","","            if (!(dir in self.options.excludes)) {","                this.parsefiles(dir, files);","            }","        },","","        /**","         * Gathers all the file data and populates the filemap and dirmap hashes.","         * @method parsefiles","         * @param {String} dir The directory to start from.","         * @param {Array} files List of files to parse.","         * @private","         */","        parsefiles: function (dir, files) {","            var self = this;","            files = files.sort();","","            Y.each(files, function (filename) {","                var ext = path.extname(filename),","                    text,","                    fullpath;","","                if (ext) {","                    if (ext in self.options.extensions) {","                        fullpath = path.join(dir, filename);","","                        if (Y.Files.exists(fullpath)) {","                            self.filecount++;","                            text = fs.readFileSync(fullpath, Y.charset);","","                            self.filemap[fullpath] = text.replace(/\\r?\\n|\\r/g, '\\n');","                            self.dirmap[fullpath] = dir;","                            self.getSelleck(fullpath);","","                        } else {","                            Y.log('File skipped: ' + fullpath, 'warn', 'yuidoc');","                        }","                    }","                }","            });","        },","","        getSelleck: function (fullpath) {","            var self = this,","                base,","                comp,","                json;","","            if (self.options.selleck) {","                base = path.dirname(fullpath);","                comp = path.join(base, '../', 'docs', 'component.json');","                //Y.log('Checking for Selleck data: ' + comp, 'info', 'yuidoc');","                if (Y.Files.exists(comp)) {","                    try {","                        json = JSON.parse(fs.readFileSync(comp, 'utf8'));","                        delete json.examples; //Remove the selleck example data, we only want the comp info","                        self.selleck[fullpath] = json;","                    } catch (e) {","                        Y.log('JSON parse failed on Selleck component.json file: ' + comp, 'error', 'yuidoc');","                    }","                }","            }","        },","","        /**","         * Applies preprocessors to the data tree.","         * This function first clones the data and operates on the clone.","         * @method runPreprocessors","         * @private","         * @return {Object} The mutated data","         */","        runPreprocessors: function (data) {","            var self = this,","                preprocessors,","                preprocessorsRelativeTo;","","            // We will try to load the preprocessors as npm modules, but we will also","            // search for them relative to the process working directory.","            // The latter is consistent with how other paths are treated by yuidoc,","            // such as the config options 'paths' and 'outdir'.","            preprocessorsRelativeTo = process.cwd();","","            if (self.options.preprocessor) {","                data = JSON.parse(JSON.stringify(data));","","                preprocessors = [].concat(self.options.preprocessor);","","                preprocessors.forEach(function (preprocessor) {","                    var preprocessorModule;","","                    try {","                        preprocessorModule = require(preprocessor);","                    } catch (e) {","                        preprocessorModule = require(path.resolve(preprocessorsRelativeTo, preprocessor));","                    }","","                    preprocessorModule(data, self.options);","                });","            }","","            return data;","        },","","        /**","         * Writes the parser JSON data to disk.","         * Applies preprocessors, if any.","         * @method writeJSON","         * @param {Object} parser The DocParser instance to use","         * @private","         * @return {Object} The JSON data returned from the DocParser","         */","        writeJSON: function (parser) {","            var self = this,","                data,","                file,","                out;","","            data = parser.data;","","            data.warnings = parser.warnings;","","            data = this.runPreprocessors(data);","","            if (self.selleck && self.options.selleck && data.files && data.modules) {","                Object.keys(self.selleck).forEach(function (selleckFile) {","                    Object.keys(data.files).forEach(function (f) {","                        if (selleckFile === f) {","                            var mods = data.files[f].modules;","                            if (mods) {","                                Object.keys(mods).forEach(function (mod) {","                                    if (data.modules[mod]) {","                                        if (!data.modules[mod].extra) {","                                            data.modules[mod].extra = {};","                                        }","                                        data.modules[mod].extra.selleck = self.selleck[selleckFile];","                                    }","                                });","                            }","                        }","                    });","                });","            }","","            if (self.options.project) {","                data.project = self.options.project;","            }","","            if (self.options.writeJSON) {","                // Y.log(Y.JSON.stringify(parser.data, null, 4));","                file = path.join(self.options.outdir, 'data.json');","","                if (Y.Files.exists(self.options.outdir) && !self.options.nodeleteout) {","                    Y.log('Found out dir, deleting: ' + self.options.outdir, 'warn', 'yuidoc');","                    rimraf.sync(self.options.outdir);","                }","","                if (!Y.Files.exists(self.options.outdir)) {","                    Y.log('Making out dir: ' + self.options.outdir, 'info', 'yuidoc');","                    try {","                        fs.mkdirSync(self.options.outdir, '0777');","                    } catch (e) {","                        Y.log('Outdir creation failed', 'warn', 'yuidoc');","                    }","                }","","                out = fs.createWriteStream(file, {","                    flags: 'w',","                    encoding: Y.charset,","                    mode: '0644'","                });","                out.write(JSON.stringify(data, null, 4));","                out.end();","            }","","            return data;","        },","","        lint: function (warnings) {","            var code = 0,","                count = 0;","","            if (warnings && warnings.length) {","                code = 1;","                console.log('YUIDoc found', warnings.length, 'lint errors in your docs');","                warnings.forEach(function (item) {","                    count++;","                    console.log('#' + count, item.message, item.line + '\\n');","                });","                process.exit(code);","            }","        },","","        /**","         * Process the config, walk the file tree and write out the JSON data.","         * @method run","         * @return {Object} The JSON data returned from the DocParser","         */","        run: function () {","            /**","             * Timestamp holder so we know when YUIDoc started the parse process.","             * @property starttime","             * @type Timestamp","             */","            Y.log('YUIDoc Starting from: ' + this.options.paths.join(','), 'info', 'yuidoc');","            this.starttime = new Date().getTime();","","            this._processConfig();","            this.walk();","","            var json = this.writeJSON(new Y.DocParser({","                syntaxtype: this.options.syntaxtype,","                filemap: this.filemap,","                dirmap: this.dirmap","            }).parse());","","            if (this.options.lint) {","                this.lint(json.warnings);","                return null;","            }","","            /**","             * Timestamp holder so we know when YUIDoc has finished the parse process.","             * @property endtime","             * @type Timestamp","             */","            this.endtime = new Date().getTime();","            Y.log('Parsed ' + this.filecount + ' files in ' + ((this.endtime - this.starttime) / 1000) + ' seconds', 'info', 'yuidoc');","","            return json;","        }","    };","","});",""],"l":{"8":2,"9":2,"10":2,"28":2,"38":0,"67":0,"74":0,"81":0,"88":0,"95":0,"103":0,"105":0,"106":0,"113":0,"121":0,"124":0,"125":0,"135":0,"136":0,"137":0,"146":0,"147":0,"158":0,"159":0,"162":0,"167":0,"168":0,"171":0,"173":0,"174":0,"175":0,"177":0,"179":0,"180":0,"182":0,"187":0,"188":0,"200":0,"201":0,"203":0,"204":0,"208":0,"209":0,"210":0,"212":0,"213":0,"214":0,"216":0,"217":0,"218":0,"221":0,"229":0,"234":0,"235":0,"236":0,"238":0,"239":0,"240":0,"241":0,"242":0,"244":0,"258":0,"266":0,"268":0,"269":0,"271":0,"273":0,"274":0,"276":0,"277":0,"279":0,"282":0,"286":0,"298":0,"303":0,"305":0,"307":0,"309":0,"310":0,"311":0,"312":0,"313":0,"314":0,"315":0,"316":0,"317":0,"318":0,"320":0,"329":0,"330":0,"333":0,"335":0,"337":0,"338":0,"339":0,"342":0,"343":0,"344":0,"345":0,"347":0,"351":0,"356":0,"357":0,"360":0,"364":0,"367":0,"368":0,"369":0,"370":0,"371":0,"372":0,"374":0,"389":0,"390":0,"392":0,"393":0,"395":0,"401":0,"402":0,"403":0,"411":0,"412":0,"414":0}},"/home/travis/build/npmtest/node-npmtest-yuidocjs/node_modules/yuidocjs/scripts/report.js":{"path":"/home/travis/build/npmtest/node-npmtest-yuidocjs/node_modules/yuidocjs/scripts/report.js","s":{"1":2,"2":0,"3":0,"4":0,"5":0,"6":0,"7":0,"8":0},"b":{},"f":{},"fnMap":{},"statementMap":{"1":{"start":{"line":3,"column":0},"end":{"line":3,"column":35}},"2":{"start":{"line":4,"column":0},"end":{"line":4,"column":23}},"3":{"start":{"line":5,"column":0},"end":{"line":5,"column":27}},"4":{"start":{"line":6,"column":0},"end":{"line":6,"column":95}},"5":{"start":{"line":8,"column":0},"end":{"line":10,"column":53}},"6":{"start":{"line":12,"column":4},"end":{"line":12,"column":22}},"7":{"start":{"line":14,"column":0},"end":{"line":14,"column":28}},"8":{"start":{"line":15,"column":0},"end":{"line":15,"column":29}}},"branchMap":{},"code":["//#!/usr/bin/env node","","var istanbul = require('istanbul');","var fs = require('fs');","var path = require('path');","var json = JSON.parse(fs.readFileSync(path.join(__dirname, '../coverage/test-coverage.json')));","","var collect = new istanbul.Collector(),","    report = istanbul.Report.create('text'),","    summary = istanbul.Report.create('text-summary');","","    collect.add(json);","","report.writeReport(collect);","summary.writeReport(collect);",""],"l":{"3":2,"4":0,"5":0,"6":0,"8":0,"12":0,"14":0,"15":0}},"/home/travis/build/npmtest/node-npmtest-yuidocjs/node_modules/yuidocjs/scripts/versions.js":{"path":"/home/travis/build/npmtest/node-npmtest-yuidocjs/node_modules/yuidocjs/scripts/versions.js","s":{"1":1,"2":1,"3":1,"4":1,"5":1,"6":1,"7":1},"b":{},"f":{},"fnMap":{},"statementMap":{"1":{"start":{"line":3,"column":0},"end":{"line":7,"column":70}},"2":{"start":{"line":9,"column":0},"end":{"line":9,"column":34}},"3":{"start":{"line":10,"column":0},"end":{"line":10,"column":26}},"4":{"start":{"line":12,"column":0},"end":{"line":12,"column":27}},"5":{"start":{"line":14,"column":0},"end":{"line":14,"column":26}},"6":{"start":{"line":16,"column":0},"end":{"line":16,"column":56}},"7":{"start":{"line":17,"column":0},"end":{"line":17,"column":22}}},"branchMap":{},"code":["//#!/usr/bin/env node","","var path = require('path'),","    fs = require('fs'),","    package = require(path.join(__dirname, '../', 'package.json')),","    version = package.version,","    doc = path.join(__dirname, '../', 'conf', 'docs', 'project.json');","","console.log('[version]', version);","console.log('[doc]', doc);","","var docJSON = require(doc);","","docJSON.version = version;","","fs.writeFileSync(doc, JSON.stringify(docJSON, null, 2));","console.log('[done]');",""],"l":{"3":1,"9":1,"10":1,"12":1,"14":1,"16":1,"17":1}}}